mode: set
github.com/DataDog/pup/pkg/auth/oauth/client.go:22.37,26.2 1 1
github.com/DataDog/pup/pkg/auth/oauth/client.go:35.10,48.2 3 1
github.com/DataDog/pup/pkg/auth/oauth/client.go:51.76,52.16 1 1
github.com/DataDog/pup/pkg/auth/oauth/client.go:52.16,54.3 1 1
github.com/DataDog/pup/pkg/auth/oauth/client.go:56.2,56.17 1 1
github.com/DataDog/pup/pkg/auth/oauth/client.go:56.17,58.3 1 1
github.com/DataDog/pup/pkg/auth/oauth/client.go:60.2,60.28 1 1
github.com/DataDog/pup/pkg/auth/oauth/client.go:60.28,62.3 1 1
github.com/DataDog/pup/pkg/auth/oauth/client.go:64.2,64.12 1 1
github.com/DataDog/pup/pkg/auth/oauth/client.go:68.79,69.21 1 1
github.com/DataDog/pup/pkg/auth/oauth/client.go:69.21,71.3 1 1
github.com/DataDog/pup/pkg/auth/oauth/client.go:73.2,73.28 1 1
github.com/DataDog/pup/pkg/auth/oauth/client.go:73.28,75.3 1 1
github.com/DataDog/pup/pkg/auth/oauth/client.go:77.2,77.49 1 1
github.com/DataDog/pup/pkg/auth/oauth/client.go:81.67,82.39 1 1
github.com/DataDog/pup/pkg/auth/oauth/client.go:82.39,84.3 1 1
github.com/DataDog/pup/pkg/auth/oauth/client.go:86.2,90.3 1 1
github.com/DataDog/pup/pkg/auth/oauth/pkce.go:24.54,27.16 2 1
github.com/DataDog/pup/pkg/auth/oauth/pkce.go:27.16,29.3 1 0
github.com/DataDog/pup/pkg/auth/oauth/pkce.go:32.2,40.8 4 1
github.com/DataDog/pup/pkg/auth/oauth/pkce.go:44.55,50.44 3 1
github.com/DataDog/pup/pkg/auth/oauth/pkce.go:50.44,52.3 1 0
github.com/DataDog/pup/pkg/auth/oauth/pkce.go:55.2,58.27 2 1
github.com/DataDog/pup/pkg/auth/oauth/pkce.go:58.27,60.3 1 0
github.com/DataDog/pup/pkg/auth/oauth/pkce.go:62.2,62.21 1 1
github.com/DataDog/pup/pkg/auth/oauth/pkce.go:66.38,68.2 1 1
github.com/DataDog/pup/cmd/alias.go:156.13,161.2 4 1
github.com/DataDog/pup/cmd/alias.go:163.59,164.19 1 1
github.com/DataDog/pup/cmd/alias.go:164.19,166.3 1 1
github.com/DataDog/pup/cmd/alias.go:167.2,171.29 3 1
github.com/DataDog/pup/cmd/alias.go:171.29,173.3 1 1
github.com/DataDog/pup/cmd/alias.go:176.2,176.29 1 1
github.com/DataDog/pup/cmd/alias.go:176.29,178.3 1 1
github.com/DataDog/pup/cmd/alias.go:181.2,181.55 1 1
github.com/DataDog/pup/cmd/alias.go:181.55,183.3 1 0
github.com/DataDog/pup/cmd/alias.go:185.2,190.12 5 1
github.com/DataDog/pup/cmd/alias.go:193.60,195.16 2 1
github.com/DataDog/pup/cmd/alias.go:195.16,197.3 1 0
github.com/DataDog/pup/cmd/alias.go:199.2,199.23 1 1
github.com/DataDog/pup/cmd/alias.go:199.23,203.3 3 1
github.com/DataDog/pup/cmd/alias.go:206.2,207.28 2 1
github.com/DataDog/pup/cmd/alias.go:207.28,209.3 1 1
github.com/DataDog/pup/cmd/alias.go:210.2,213.29 3 1
github.com/DataDog/pup/cmd/alias.go:213.29,215.3 1 1
github.com/DataDog/pup/cmd/alias.go:217.2,220.12 3 1
github.com/DataDog/pup/cmd/alias.go:223.62,225.28 1 1
github.com/DataDog/pup/cmd/alias.go:225.28,226.50 1 1
github.com/DataDog/pup/cmd/alias.go:226.50,228.4 1 0
github.com/DataDog/pup/cmd/alias.go:229.3,229.47 1 1
github.com/DataDog/pup/cmd/alias.go:232.2,232.12 1 1
github.com/DataDog/pup/cmd/alias.go:235.62,238.55 2 1
github.com/DataDog/pup/cmd/alias.go:238.55,240.3 1 0
github.com/DataDog/pup/cmd/alias.go:242.2,246.12 4 1
github.com/DataDog/pup/cmd/alias.go:250.41,251.16 1 1
github.com/DataDog/pup/cmd/alias.go:251.16,253.3 1 1
github.com/DataDog/pup/cmd/alias.go:255.2,255.25 1 1
github.com/DataDog/pup/cmd/alias.go:255.25,257.52 1 1
github.com/DataDog/pup/cmd/alias.go:257.52,259.4 1 1
github.com/DataDog/pup/cmd/alias.go:262.2,262.13 1 1
github.com/DataDog/pup/cmd/alias.go:274.42,291.31 3 1
github.com/DataDog/pup/cmd/alias.go:291.31,292.23 1 1
github.com/DataDog/pup/cmd/alias.go:292.23,294.4 1 1
github.com/DataDog/pup/cmd/alias.go:297.2,297.14 1 1
github.com/DataDog/pup/cmd/api_keys.go:90.13,92.66 2 1
github.com/DataDog/pup/cmd/api_keys.go:92.66,93.64 1 0
github.com/DataDog/pup/cmd/api_keys.go:96.2,96.90 1 1
github.com/DataDog/pup/cmd/api_keys.go:99.62,101.16 2 1
github.com/DataDog/pup/cmd/api_keys.go:101.16,103.3 1 1
github.com/DataDog/pup/cmd/api_keys.go:105.2,107.16 3 0
github.com/DataDog/pup/cmd/api_keys.go:107.16,108.15 1 0
github.com/DataDog/pup/cmd/api_keys.go:108.15,110.4 1 0
github.com/DataDog/pup/cmd/api_keys.go:111.3,111.56 1 0
github.com/DataDog/pup/cmd/api_keys.go:114.2,115.16 2 0
github.com/DataDog/pup/cmd/api_keys.go:115.16,117.3 1 0
github.com/DataDog/pup/cmd/api_keys.go:118.2,119.12 2 0
github.com/DataDog/pup/cmd/api_keys.go:122.61,124.16 2 1
github.com/DataDog/pup/cmd/api_keys.go:124.16,126.3 1 1
github.com/DataDog/pup/cmd/api_keys.go:128.2,131.16 4 0
github.com/DataDog/pup/cmd/api_keys.go:131.16,132.15 1 0
github.com/DataDog/pup/cmd/api_keys.go:132.15,134.4 1 0
github.com/DataDog/pup/cmd/api_keys.go:135.3,135.54 1 0
github.com/DataDog/pup/cmd/api_keys.go:138.2,139.16 2 0
github.com/DataDog/pup/cmd/api_keys.go:139.16,141.3 1 0
github.com/DataDog/pup/cmd/api_keys.go:142.2,143.12 2 0
github.com/DataDog/pup/cmd/api_keys.go:146.64,148.16 2 1
github.com/DataDog/pup/cmd/api_keys.go:148.16,150.3 1 1
github.com/DataDog/pup/cmd/api_keys.go:152.2,163.16 4 0
github.com/DataDog/pup/cmd/api_keys.go:163.16,164.15 1 0
github.com/DataDog/pup/cmd/api_keys.go:164.15,166.4 1 0
github.com/DataDog/pup/cmd/api_keys.go:167.3,167.57 1 0
github.com/DataDog/pup/cmd/api_keys.go:170.2,171.16 2 0
github.com/DataDog/pup/cmd/api_keys.go:171.16,173.3 1 0
github.com/DataDog/pup/cmd/api_keys.go:174.2,175.12 2 0
github.com/DataDog/pup/cmd/api_keys.go:178.64,180.16 2 1
github.com/DataDog/pup/cmd/api_keys.go:180.16,182.3 1 1
github.com/DataDog/pup/cmd/api_keys.go:184.2,185.22 2 0
github.com/DataDog/pup/cmd/api_keys.go:185.22,199.17 14 0
github.com/DataDog/pup/cmd/api_keys.go:199.17,203.4 2 0
github.com/DataDog/pup/cmd/api_keys.go:204.3,204.24 1 0
github.com/DataDog/pup/cmd/api_keys.go:204.24,207.4 2 0
github.com/DataDog/pup/cmd/api_keys.go:210.2,212.16 3 0
github.com/DataDog/pup/cmd/api_keys.go:212.16,213.15 1 0
github.com/DataDog/pup/cmd/api_keys.go:213.15,215.4 1 0
github.com/DataDog/pup/cmd/api_keys.go:216.3,216.57 1 0
github.com/DataDog/pup/cmd/api_keys.go:219.2,220.12 2 0
github.com/DataDog/pup/cmd/apm.go:429.13,440.70 8 1
github.com/DataDog/pup/cmd/apm.go:440.70,441.64 1 0
github.com/DataDog/pup/cmd/apm.go:443.2,443.68 1 1
github.com/DataDog/pup/cmd/apm.go:443.68,444.64 1 0
github.com/DataDog/pup/cmd/apm.go:448.2,453.75 6 1
github.com/DataDog/pup/cmd/apm.go:453.75,454.64 1 0
github.com/DataDog/pup/cmd/apm.go:456.2,456.73 1 1
github.com/DataDog/pup/cmd/apm.go:456.73,457.64 1 0
github.com/DataDog/pup/cmd/apm.go:461.2,467.78 7 1
github.com/DataDog/pup/cmd/apm.go:467.78,468.64 1 0
github.com/DataDog/pup/cmd/apm.go:470.2,470.73 1 1
github.com/DataDog/pup/cmd/apm.go:470.73,471.64 1 0
github.com/DataDog/pup/cmd/apm.go:473.2,473.71 1 1
github.com/DataDog/pup/cmd/apm.go:473.71,474.64 1 0
github.com/DataDog/pup/cmd/apm.go:478.2,486.69 9 1
github.com/DataDog/pup/cmd/apm.go:486.69,487.64 1 0
github.com/DataDog/pup/cmd/apm.go:489.2,489.67 1 1
github.com/DataDog/pup/cmd/apm.go:489.67,490.64 1 0
github.com/DataDog/pup/cmd/apm.go:494.2,498.71 5 1
github.com/DataDog/pup/cmd/apm.go:498.71,499.64 1 0
github.com/DataDog/pup/cmd/apm.go:501.2,501.73 1 1
github.com/DataDog/pup/cmd/apm.go:501.73,502.64 1 0
github.com/DataDog/pup/cmd/apm.go:504.2,504.71 1 1
github.com/DataDog/pup/cmd/apm.go:504.71,505.64 1 0
github.com/DataDog/pup/cmd/apm.go:509.2,513.64 5 1
github.com/DataDog/pup/cmd/apm.go:513.64,514.64 1 0
github.com/DataDog/pup/cmd/apm.go:516.2,516.63 1 1
github.com/DataDog/pup/cmd/apm.go:516.63,517.64 1 0
github.com/DataDog/pup/cmd/apm.go:519.2,519.61 1 1
github.com/DataDog/pup/cmd/apm.go:519.61,520.64 1 0
github.com/DataDog/pup/cmd/apm.go:524.2,538.3 4 1
github.com/DataDog/pup/cmd/apm.go:541.66,543.16 2 0
github.com/DataDog/pup/cmd/apm.go:543.16,545.3 1 0
github.com/DataDog/pup/cmd/apm.go:548.2,551.21 4 0
github.com/DataDog/pup/cmd/apm.go:551.21,553.3 1 0
github.com/DataDog/pup/cmd/apm.go:555.2,557.16 3 0
github.com/DataDog/pup/cmd/apm.go:557.16,559.3 1 0
github.com/DataDog/pup/cmd/apm.go:560.2,560.15 1 0
github.com/DataDog/pup/cmd/apm.go:560.15,560.40 1 0
github.com/DataDog/pup/cmd/apm.go:562.2,563.16 2 0
github.com/DataDog/pup/cmd/apm.go:563.16,565.3 1 0
github.com/DataDog/pup/cmd/apm.go:567.2,568.16 2 0
github.com/DataDog/pup/cmd/apm.go:568.16,570.3 1 0
github.com/DataDog/pup/cmd/apm.go:571.2,572.12 2 0
github.com/DataDog/pup/cmd/apm.go:575.67,577.16 2 0
github.com/DataDog/pup/cmd/apm.go:577.16,579.3 1 0
github.com/DataDog/pup/cmd/apm.go:582.2,582.26 1 0
github.com/DataDog/pup/cmd/apm.go:582.26,584.3 1 0
github.com/DataDog/pup/cmd/apm.go:587.2,590.21 4 0
github.com/DataDog/pup/cmd/apm.go:590.21,592.3 1 0
github.com/DataDog/pup/cmd/apm.go:593.2,593.22 1 0
github.com/DataDog/pup/cmd/apm.go:593.22,595.3 1 0
github.com/DataDog/pup/cmd/apm.go:597.2,599.16 3 0
github.com/DataDog/pup/cmd/apm.go:599.16,601.3 1 0
github.com/DataDog/pup/cmd/apm.go:602.2,602.15 1 0
github.com/DataDog/pup/cmd/apm.go:602.15,602.40 1 0
github.com/DataDog/pup/cmd/apm.go:604.2,605.16 2 0
github.com/DataDog/pup/cmd/apm.go:605.16,607.3 1 0
github.com/DataDog/pup/cmd/apm.go:609.2,610.16 2 0
github.com/DataDog/pup/cmd/apm.go:610.16,612.3 1 0
github.com/DataDog/pup/cmd/apm.go:613.2,614.12 2 0
github.com/DataDog/pup/cmd/apm.go:617.72,619.16 2 0
github.com/DataDog/pup/cmd/apm.go:619.16,621.3 1 0
github.com/DataDog/pup/cmd/apm.go:623.2,626.26 2 0
github.com/DataDog/pup/cmd/apm.go:626.26,628.3 1 0
github.com/DataDog/pup/cmd/apm.go:631.2,635.21 5 0
github.com/DataDog/pup/cmd/apm.go:635.21,637.3 1 0
github.com/DataDog/pup/cmd/apm.go:638.2,638.22 1 0
github.com/DataDog/pup/cmd/apm.go:638.22,640.3 1 0
github.com/DataDog/pup/cmd/apm.go:641.2,641.17 1 0
github.com/DataDog/pup/cmd/apm.go:641.17,643.3 1 0
github.com/DataDog/pup/cmd/apm.go:645.2,647.16 3 0
github.com/DataDog/pup/cmd/apm.go:647.16,649.3 1 0
github.com/DataDog/pup/cmd/apm.go:650.2,650.15 1 0
github.com/DataDog/pup/cmd/apm.go:650.15,650.40 1 0
github.com/DataDog/pup/cmd/apm.go:652.2,653.16 2 0
github.com/DataDog/pup/cmd/apm.go:653.16,655.3 1 0
github.com/DataDog/pup/cmd/apm.go:657.2,658.16 2 0
github.com/DataDog/pup/cmd/apm.go:658.16,660.3 1 0
github.com/DataDog/pup/cmd/apm.go:661.2,662.12 2 0
github.com/DataDog/pup/cmd/apm.go:665.71,667.16 2 0
github.com/DataDog/pup/cmd/apm.go:667.16,669.3 1 0
github.com/DataDog/pup/cmd/apm.go:671.2,674.26 2 0
github.com/DataDog/pup/cmd/apm.go:674.26,676.3 1 0
github.com/DataDog/pup/cmd/apm.go:679.2,684.21 6 0
github.com/DataDog/pup/cmd/apm.go:684.21,686.3 1 0
github.com/DataDog/pup/cmd/apm.go:687.2,687.22 1 0
github.com/DataDog/pup/cmd/apm.go:687.22,689.3 1 0
github.com/DataDog/pup/cmd/apm.go:690.2,690.23 1 0
github.com/DataDog/pup/cmd/apm.go:690.23,692.3 1 0
github.com/DataDog/pup/cmd/apm.go:694.2,696.16 3 0
github.com/DataDog/pup/cmd/apm.go:696.16,698.3 1 0
github.com/DataDog/pup/cmd/apm.go:699.2,699.15 1 0
github.com/DataDog/pup/cmd/apm.go:699.15,699.40 1 0
github.com/DataDog/pup/cmd/apm.go:701.2,702.16 2 0
github.com/DataDog/pup/cmd/apm.go:702.16,704.3 1 0
github.com/DataDog/pup/cmd/apm.go:706.2,707.16 2 0
github.com/DataDog/pup/cmd/apm.go:707.16,709.3 1 0
github.com/DataDog/pup/cmd/apm.go:710.2,711.12 2 0
github.com/DataDog/pup/cmd/apm.go:714.66,716.16 2 0
github.com/DataDog/pup/cmd/apm.go:716.16,718.3 1 0
github.com/DataDog/pup/cmd/apm.go:721.2,721.26 1 0
github.com/DataDog/pup/cmd/apm.go:721.26,723.3 1 0
github.com/DataDog/pup/cmd/apm.go:726.2,729.21 4 0
github.com/DataDog/pup/cmd/apm.go:729.21,731.3 1 0
github.com/DataDog/pup/cmd/apm.go:732.2,732.22 1 0
github.com/DataDog/pup/cmd/apm.go:732.22,734.3 1 0
github.com/DataDog/pup/cmd/apm.go:735.2,735.23 1 0
github.com/DataDog/pup/cmd/apm.go:735.23,737.3 1 0
github.com/DataDog/pup/cmd/apm.go:738.2,738.25 1 0
github.com/DataDog/pup/cmd/apm.go:738.25,740.3 1 0
github.com/DataDog/pup/cmd/apm.go:741.2,746.16 5 0
github.com/DataDog/pup/cmd/apm.go:746.16,748.3 1 0
github.com/DataDog/pup/cmd/apm.go:749.2,749.15 1 0
github.com/DataDog/pup/cmd/apm.go:749.15,749.40 1 0
github.com/DataDog/pup/cmd/apm.go:751.2,752.16 2 0
github.com/DataDog/pup/cmd/apm.go:752.16,754.29 1 0
github.com/DataDog/pup/cmd/apm.go:754.29,756.4 1 0
github.com/DataDog/pup/cmd/apm.go:757.3,757.60 1 0
github.com/DataDog/pup/cmd/apm.go:760.2,761.16 2 0
github.com/DataDog/pup/cmd/apm.go:761.16,763.3 1 0
github.com/DataDog/pup/cmd/apm.go:764.2,765.12 2 0
github.com/DataDog/pup/cmd/apm.go:768.70,770.16 2 0
github.com/DataDog/pup/cmd/apm.go:770.16,772.3 1 0
github.com/DataDog/pup/cmd/apm.go:775.2,775.26 1 0
github.com/DataDog/pup/cmd/apm.go:775.26,777.3 1 0
github.com/DataDog/pup/cmd/apm.go:780.2,784.22 5 0
github.com/DataDog/pup/cmd/apm.go:784.22,786.3 1 0
github.com/DataDog/pup/cmd/apm.go:788.2,789.20 2 0
github.com/DataDog/pup/cmd/apm.go:789.20,792.3 1 0
github.com/DataDog/pup/cmd/apm.go:792.8,796.3 2 0
github.com/DataDog/pup/cmd/apm.go:798.2,799.16 2 0
github.com/DataDog/pup/cmd/apm.go:799.16,801.3 1 0
github.com/DataDog/pup/cmd/apm.go:802.2,802.15 1 0
github.com/DataDog/pup/cmd/apm.go:802.15,802.40 1 0
github.com/DataDog/pup/cmd/apm.go:804.2,805.16 2 0
github.com/DataDog/pup/cmd/apm.go:805.16,807.3 1 0
github.com/DataDog/pup/cmd/apm.go:809.2,810.16 2 0
github.com/DataDog/pup/cmd/apm.go:810.16,812.3 1 0
github.com/DataDog/pup/cmd/apm.go:813.2,814.12 2 0
github.com/DataDog/pup/cmd/apm.go:817.61,819.16 2 0
github.com/DataDog/pup/cmd/apm.go:819.16,821.3 1 0
github.com/DataDog/pup/cmd/apm.go:824.2,824.26 1 0
github.com/DataDog/pup/cmd/apm.go:824.26,826.3 1 0
github.com/DataDog/pup/cmd/apm.go:829.2,837.16 8 0
github.com/DataDog/pup/cmd/apm.go:837.16,839.3 1 0
github.com/DataDog/pup/cmd/apm.go:840.2,840.15 1 0
github.com/DataDog/pup/cmd/apm.go:840.15,840.40 1 0
github.com/DataDog/pup/cmd/apm.go:842.2,843.16 2 0
github.com/DataDog/pup/cmd/apm.go:843.16,845.3 1 0
github.com/DataDog/pup/cmd/apm.go:847.2,848.16 2 0
github.com/DataDog/pup/cmd/apm.go:848.16,850.3 1 0
github.com/DataDog/pup/cmd/apm.go:851.2,852.12 2 0
github.com/DataDog/pup/cmd/app_keys.go:107.13,112.2 3 1
github.com/DataDog/pup/cmd/app_keys.go:114.62,116.16 2 0
github.com/DataDog/pup/cmd/app_keys.go:116.16,118.3 1 0
github.com/DataDog/pup/cmd/app_keys.go:120.2,123.25 3 0
github.com/DataDog/pup/cmd/app_keys.go:123.25,125.3 1 0
github.com/DataDog/pup/cmd/app_keys.go:126.2,126.27 1 0
github.com/DataDog/pup/cmd/app_keys.go:126.27,128.3 1 0
github.com/DataDog/pup/cmd/app_keys.go:130.2,131.16 2 0
github.com/DataDog/pup/cmd/app_keys.go:131.16,133.3 1 0
github.com/DataDog/pup/cmd/app_keys.go:135.2,136.16 2 0
github.com/DataDog/pup/cmd/app_keys.go:136.16,138.3 1 0
github.com/DataDog/pup/cmd/app_keys.go:139.2,140.12 2 0
github.com/DataDog/pup/cmd/app_keys.go:143.61,145.16 2 0
github.com/DataDog/pup/cmd/app_keys.go:145.16,147.3 1 0
github.com/DataDog/pup/cmd/app_keys.go:149.2,153.16 4 0
github.com/DataDog/pup/cmd/app_keys.go:153.16,155.3 1 0
github.com/DataDog/pup/cmd/app_keys.go:157.2,158.16 2 0
github.com/DataDog/pup/cmd/app_keys.go:158.16,160.3 1 0
github.com/DataDog/pup/cmd/app_keys.go:161.2,162.12 2 0
github.com/DataDog/pup/cmd/app_keys.go:165.66,167.16 2 0
github.com/DataDog/pup/cmd/app_keys.go:167.16,169.3 1 0
github.com/DataDog/pup/cmd/app_keys.go:171.2,175.16 4 0
github.com/DataDog/pup/cmd/app_keys.go:175.16,177.3 1 0
github.com/DataDog/pup/cmd/app_keys.go:179.2,180.16 2 0
github.com/DataDog/pup/cmd/app_keys.go:180.16,182.3 1 0
github.com/DataDog/pup/cmd/app_keys.go:183.2,184.12 2 0
github.com/DataDog/pup/cmd/app_keys.go:187.68,189.16 2 0
github.com/DataDog/pup/cmd/app_keys.go:189.16,191.3 1 0
github.com/DataDog/pup/cmd/app_keys.go:193.2,194.22 2 0
github.com/DataDog/pup/cmd/app_keys.go:194.22,207.38 12 0
github.com/DataDog/pup/cmd/app_keys.go:207.38,210.4 2 0
github.com/DataDog/pup/cmd/app_keys.go:213.2,215.16 3 0
github.com/DataDog/pup/cmd/app_keys.go:215.16,217.3 1 0
github.com/DataDog/pup/cmd/app_keys.go:219.2,220.12 2 0
github.com/DataDog/pup/cmd/audit_logs.go:62.13,71.69 8 1
github.com/DataDog/pup/cmd/audit_logs.go:71.69,72.64 1 0
github.com/DataDog/pup/cmd/audit_logs.go:75.2,75.63 1 1
github.com/DataDog/pup/cmd/audit_logs.go:78.64,80.16 2 0
github.com/DataDog/pup/cmd/audit_logs.go:80.16,82.3 1 0
github.com/DataDog/pup/cmd/audit_logs.go:84.2,98.16 11 0
github.com/DataDog/pup/cmd/audit_logs.go:98.16,99.15 1 0
github.com/DataDog/pup/cmd/audit_logs.go:99.15,101.4 1 0
github.com/DataDog/pup/cmd/audit_logs.go:102.3,102.58 1 0
github.com/DataDog/pup/cmd/audit_logs.go:105.2,106.16 2 0
github.com/DataDog/pup/cmd/audit_logs.go:106.16,108.3 1 0
github.com/DataDog/pup/cmd/audit_logs.go:109.2,110.12 2 0
github.com/DataDog/pup/cmd/audit_logs.go:113.66,115.16 2 0
github.com/DataDog/pup/cmd/audit_logs.go:115.16,117.3 1 0
github.com/DataDog/pup/cmd/audit_logs.go:119.2,136.16 13 0
github.com/DataDog/pup/cmd/audit_logs.go:136.16,137.15 1 0
github.com/DataDog/pup/cmd/audit_logs.go:137.15,139.4 1 0
github.com/DataDog/pup/cmd/audit_logs.go:140.3,140.60 1 0
github.com/DataDog/pup/cmd/audit_logs.go:143.2,144.16 2 0
github.com/DataDog/pup/cmd/audit_logs.go:144.16,146.3 1 0
github.com/DataDog/pup/cmd/audit_logs.go:147.2,148.12 2 0
github.com/DataDog/pup/cmd/auth.go:286.13,291.2 4 1
github.com/DataDog/pup/cmd/auth.go:293.60,299.16 4 0
github.com/DataDog/pup/cmd/auth.go:299.16,301.3 1 0
github.com/DataDog/pup/cmd/auth.go:304.2,305.16 2 0
github.com/DataDog/pup/cmd/auth.go:305.16,307.3 1 0
github.com/DataDog/pup/cmd/auth.go:310.2,311.16 2 0
github.com/DataDog/pup/cmd/auth.go:311.16,313.3 1 0
github.com/DataDog/pup/cmd/auth.go:315.2,315.47 1 0
github.com/DataDog/pup/cmd/auth.go:315.47,317.3 1 0
github.com/DataDog/pup/cmd/auth.go:318.2,318.15 1 0
github.com/DataDog/pup/cmd/auth.go:318.15,319.47 1 0
github.com/DataDog/pup/cmd/auth.go:319.47,321.4 1 0
github.com/DataDog/pup/cmd/auth.go:324.2,328.18 3 0
github.com/DataDog/pup/cmd/auth.go:328.18,332.17 4 0
github.com/DataDog/pup/cmd/auth.go:332.17,334.4 1 0
github.com/DataDog/pup/cmd/auth.go:337.3,337.66 1 0
github.com/DataDog/pup/cmd/auth.go:337.66,339.4 1 0
github.com/DataDog/pup/cmd/auth.go:340.3,340.52 1 0
github.com/DataDog/pup/cmd/auth.go:341.8,343.3 1 0
github.com/DataDog/pup/cmd/auth.go:346.2,347.16 2 0
github.com/DataDog/pup/cmd/auth.go:347.16,349.3 1 0
github.com/DataDog/pup/cmd/auth.go:352.2,353.16 2 0
github.com/DataDog/pup/cmd/auth.go:353.16,355.3 1 0
github.com/DataDog/pup/cmd/auth.go:358.2,371.45 5 0
github.com/DataDog/pup/cmd/auth.go:371.45,374.3 2 0
github.com/DataDog/pup/cmd/auth.go:377.2,379.16 3 0
github.com/DataDog/pup/cmd/auth.go:379.16,381.3 1 0
github.com/DataDog/pup/cmd/auth.go:384.2,384.24 1 0
github.com/DataDog/pup/cmd/auth.go:384.24,386.3 1 0
github.com/DataDog/pup/cmd/auth.go:389.2,389.87 1 0
github.com/DataDog/pup/cmd/auth.go:389.87,391.3 1 0
github.com/DataDog/pup/cmd/auth.go:394.2,397.16 4 0
github.com/DataDog/pup/cmd/auth.go:397.16,399.3 1 0
github.com/DataDog/pup/cmd/auth.go:402.2,402.55 1 0
github.com/DataDog/pup/cmd/auth.go:402.55,404.3 1 0
github.com/DataDog/pup/cmd/auth.go:406.2,411.12 5 0
github.com/DataDog/pup/cmd/auth.go:414.61,419.16 3 1
github.com/DataDog/pup/cmd/auth.go:419.16,421.3 1 0
github.com/DataDog/pup/cmd/auth.go:424.2,425.16 2 1
github.com/DataDog/pup/cmd/auth.go:425.16,427.3 1 0
github.com/DataDog/pup/cmd/auth.go:429.2,429.19 1 1
github.com/DataDog/pup/cmd/auth.go:429.19,433.3 3 1
github.com/DataDog/pup/cmd/auth.go:436.2,446.13 3 0
github.com/DataDog/pup/cmd/auth.go:446.13,450.3 3 0
github.com/DataDog/pup/cmd/auth.go:450.8,456.3 5 0
github.com/DataDog/pup/cmd/auth.go:458.2,459.16 2 0
github.com/DataDog/pup/cmd/auth.go:459.16,461.3 1 0
github.com/DataDog/pup/cmd/auth.go:463.2,464.12 2 0
github.com/DataDog/pup/cmd/auth.go:467.61,472.16 3 1
github.com/DataDog/pup/cmd/auth.go:472.16,474.3 1 0
github.com/DataDog/pup/cmd/auth.go:477.2,477.49 1 1
github.com/DataDog/pup/cmd/auth.go:477.49,479.3 1 0
github.com/DataDog/pup/cmd/auth.go:482.2,482.60 1 1
github.com/DataDog/pup/cmd/auth.go:482.60,484.3 1 0
github.com/DataDog/pup/cmd/auth.go:486.2,489.12 3 1
github.com/DataDog/pup/cmd/auth.go:492.62,497.16 3 0
github.com/DataDog/pup/cmd/auth.go:497.16,499.3 1 0
github.com/DataDog/pup/cmd/auth.go:502.2,503.16 2 0
github.com/DataDog/pup/cmd/auth.go:503.16,505.3 1 0
github.com/DataDog/pup/cmd/auth.go:507.2,507.48 1 0
github.com/DataDog/pup/cmd/auth.go:507.48,509.3 1 0
github.com/DataDog/pup/cmd/auth.go:512.2,513.16 2 0
github.com/DataDog/pup/cmd/auth.go:513.16,515.3 1 0
github.com/DataDog/pup/cmd/auth.go:517.2,517.18 1 0
github.com/DataDog/pup/cmd/auth.go:517.18,519.3 1 0
github.com/DataDog/pup/cmd/auth.go:522.2,525.16 4 0
github.com/DataDog/pup/cmd/auth.go:525.16,527.3 1 0
github.com/DataDog/pup/cmd/auth.go:530.2,530.58 1 0
github.com/DataDog/pup/cmd/auth.go:530.58,532.3 1 0
github.com/DataDog/pup/cmd/auth.go:534.2,538.12 4 0
github.com/DataDog/pup/cmd/auth.go:542.36,545.22 2 0
github.com/DataDog/pup/cmd/auth.go:546.16,547.34 1 0
github.com/DataDog/pup/cmd/auth.go:548.15,549.38 1 0
github.com/DataDog/pup/cmd/auth.go:550.17,551.69 1 0
github.com/DataDog/pup/cmd/auth.go:552.10,553.44 1 0
github.com/DataDog/pup/cmd/auth.go:556.2,559.18 3 0
github.com/DataDog/pup/cmd/cases.go:288.13,339.2 21 1
github.com/DataDog/pup/cmd/cases.go:341.62,343.16 2 0
github.com/DataDog/pup/cmd/cases.go:343.16,345.3 1 0
github.com/DataDog/pup/cmd/cases.go:347.2,350.21 3 0
github.com/DataDog/pup/cmd/cases.go:350.21,352.3 1 0
github.com/DataDog/pup/cmd/cases.go:353.2,353.22 1 0
github.com/DataDog/pup/cmd/cases.go:353.22,355.3 1 0
github.com/DataDog/pup/cmd/cases.go:356.2,356.24 1 0
github.com/DataDog/pup/cmd/cases.go:356.24,358.3 1 0
github.com/DataDog/pup/cmd/cases.go:360.2,361.16 2 0
github.com/DataDog/pup/cmd/cases.go:361.16,363.3 1 0
github.com/DataDog/pup/cmd/cases.go:365.2,366.16 2 0
github.com/DataDog/pup/cmd/cases.go:366.16,368.3 1 0
github.com/DataDog/pup/cmd/cases.go:369.2,370.12 2 0
github.com/DataDog/pup/cmd/cases.go:373.59,375.16 2 0
github.com/DataDog/pup/cmd/cases.go:375.16,377.3 1 0
github.com/DataDog/pup/cmd/cases.go:379.2,383.16 4 0
github.com/DataDog/pup/cmd/cases.go:383.16,385.3 1 0
github.com/DataDog/pup/cmd/cases.go:387.2,388.16 2 0
github.com/DataDog/pup/cmd/cases.go:388.16,390.3 1 0
github.com/DataDog/pup/cmd/cases.go:391.2,392.12 2 0
github.com/DataDog/pup/cmd/cases.go:395.62,397.16 2 0
github.com/DataDog/pup/cmd/cases.go:397.16,399.3 1 0
github.com/DataDog/pup/cmd/cases.go:402.2,404.27 2 0
github.com/DataDog/pup/cmd/cases.go:404.27,406.3 1 0
github.com/DataDog/pup/cmd/cases.go:408.2,408.24 1 0
github.com/DataDog/pup/cmd/cases.go:408.24,410.17 2 0
github.com/DataDog/pup/cmd/cases.go:410.17,412.4 1 0
github.com/DataDog/pup/cmd/cases.go:413.3,413.36 1 0
github.com/DataDog/pup/cmd/cases.go:416.2,421.16 5 0
github.com/DataDog/pup/cmd/cases.go:421.16,423.3 1 0
github.com/DataDog/pup/cmd/cases.go:425.2,426.16 2 0
github.com/DataDog/pup/cmd/cases.go:426.16,428.3 1 0
github.com/DataDog/pup/cmd/cases.go:429.2,430.12 2 0
github.com/DataDog/pup/cmd/cases.go:433.63,435.16 2 0
github.com/DataDog/pup/cmd/cases.go:435.16,437.3 1 0
github.com/DataDog/pup/cmd/cases.go:439.2,445.16 6 0
github.com/DataDog/pup/cmd/cases.go:445.16,447.3 1 0
github.com/DataDog/pup/cmd/cases.go:449.2,450.16 2 0
github.com/DataDog/pup/cmd/cases.go:450.16,452.3 1 0
github.com/DataDog/pup/cmd/cases.go:453.2,454.12 2 0
github.com/DataDog/pup/cmd/cases.go:457.65,459.16 2 0
github.com/DataDog/pup/cmd/cases.go:459.16,461.3 1 0
github.com/DataDog/pup/cmd/cases.go:463.2,469.16 6 0
github.com/DataDog/pup/cmd/cases.go:469.16,471.3 1 0
github.com/DataDog/pup/cmd/cases.go:473.2,474.16 2 0
github.com/DataDog/pup/cmd/cases.go:474.16,476.3 1 0
github.com/DataDog/pup/cmd/cases.go:477.2,478.12 2 0
github.com/DataDog/pup/cmd/cases.go:481.62,483.16 2 0
github.com/DataDog/pup/cmd/cases.go:483.16,485.3 1 0
github.com/DataDog/pup/cmd/cases.go:487.2,496.16 7 0
github.com/DataDog/pup/cmd/cases.go:496.16,498.3 1 0
github.com/DataDog/pup/cmd/cases.go:500.2,501.16 2 0
github.com/DataDog/pup/cmd/cases.go:501.16,503.3 1 0
github.com/DataDog/pup/cmd/cases.go:504.2,505.12 2 0
github.com/DataDog/pup/cmd/cases.go:508.67,510.16 2 0
github.com/DataDog/pup/cmd/cases.go:510.16,512.3 1 0
github.com/DataDog/pup/cmd/cases.go:514.2,523.16 7 0
github.com/DataDog/pup/cmd/cases.go:523.16,525.3 1 0
github.com/DataDog/pup/cmd/cases.go:527.2,528.16 2 0
github.com/DataDog/pup/cmd/cases.go:528.16,530.3 1 0
github.com/DataDog/pup/cmd/cases.go:531.2,532.12 2 0
github.com/DataDog/pup/cmd/cases.go:535.70,537.16 2 0
github.com/DataDog/pup/cmd/cases.go:537.16,539.3 1 0
github.com/DataDog/pup/cmd/cases.go:541.2,545.16 4 0
github.com/DataDog/pup/cmd/cases.go:545.16,547.3 1 0
github.com/DataDog/pup/cmd/cases.go:550.2,555.16 5 0
github.com/DataDog/pup/cmd/cases.go:555.16,557.3 1 0
github.com/DataDog/pup/cmd/cases.go:559.2,560.16 2 0
github.com/DataDog/pup/cmd/cases.go:560.16,562.3 1 0
github.com/DataDog/pup/cmd/cases.go:563.2,564.12 2 0
github.com/DataDog/pup/cmd/cases.go:568.68,570.16 2 0
github.com/DataDog/pup/cmd/cases.go:570.16,572.3 1 0
github.com/DataDog/pup/cmd/cases.go:574.2,576.16 3 0
github.com/DataDog/pup/cmd/cases.go:576.16,578.3 1 0
github.com/DataDog/pup/cmd/cases.go:580.2,581.16 2 0
github.com/DataDog/pup/cmd/cases.go:581.16,583.3 1 0
github.com/DataDog/pup/cmd/cases.go:584.2,585.12 2 0
github.com/DataDog/pup/cmd/cases.go:588.67,590.16 2 0
github.com/DataDog/pup/cmd/cases.go:590.16,592.3 1 0
github.com/DataDog/pup/cmd/cases.go:594.2,598.16 4 0
github.com/DataDog/pup/cmd/cases.go:598.16,600.3 1 0
github.com/DataDog/pup/cmd/cases.go:602.2,603.16 2 0
github.com/DataDog/pup/cmd/cases.go:603.16,605.3 1 0
github.com/DataDog/pup/cmd/cases.go:606.2,607.12 2 0
github.com/DataDog/pup/cmd/cases.go:610.70,612.16 2 0
github.com/DataDog/pup/cmd/cases.go:612.16,614.3 1 0
github.com/DataDog/pup/cmd/cases.go:617.2,623.16 6 0
github.com/DataDog/pup/cmd/cases.go:623.16,625.3 1 0
github.com/DataDog/pup/cmd/cases.go:627.2,628.16 2 0
github.com/DataDog/pup/cmd/cases.go:628.16,630.3 1 0
github.com/DataDog/pup/cmd/cases.go:631.2,632.12 2 0
github.com/DataDog/pup/cmd/cases.go:635.70,639.22 2 0
github.com/DataDog/pup/cmd/cases.go:639.22,644.17 4 0
github.com/DataDog/pup/cmd/cases.go:644.17,646.4 1 0
github.com/DataDog/pup/cmd/cases.go:648.3,648.62 1 0
github.com/DataDog/pup/cmd/cases.go:648.62,651.4 2 0
github.com/DataDog/pup/cmd/cases.go:654.2,655.16 2 0
github.com/DataDog/pup/cmd/cases.go:655.16,657.3 1 0
github.com/DataDog/pup/cmd/cases.go:659.2,661.16 3 0
github.com/DataDog/pup/cmd/cases.go:661.16,663.3 1 0
github.com/DataDog/pup/cmd/cases.go:665.2,666.12 2 0
github.com/DataDog/pup/cmd/cicd.go:95.13,102.76 6 1
github.com/DataDog/pup/cmd/cicd.go:102.76,103.64 1 0
github.com/DataDog/pup/cmd/cicd.go:106.2,111.70 6 1
github.com/DataDog/pup/cmd/cicd.go:111.70,112.64 1 0
github.com/DataDog/pup/cmd/cicd.go:115.2,121.73 7 1
github.com/DataDog/pup/cmd/cicd.go:121.73,122.64 1 0
github.com/DataDog/pup/cmd/cicd.go:125.2,127.53 3 1
github.com/DataDog/pup/cmd/cicd.go:130.68,132.16 2 0
github.com/DataDog/pup/cmd/cicd.go:132.16,134.3 1 0
github.com/DataDog/pup/cmd/cicd.go:136.2,138.24 3 0
github.com/DataDog/pup/cmd/cicd.go:138.24,140.3 1 0
github.com/DataDog/pup/cmd/cicd.go:141.2,141.18 1 0
github.com/DataDog/pup/cmd/cicd.go:141.18,142.19 1 0
github.com/DataDog/pup/cmd/cicd.go:142.19,144.4 1 0
github.com/DataDog/pup/cmd/cicd.go:144.9,146.4 1 0
github.com/DataDog/pup/cmd/cicd.go:149.2,162.16 7 0
github.com/DataDog/pup/cmd/cicd.go:162.16,163.15 1 0
github.com/DataDog/pup/cmd/cicd.go:163.15,165.4 1 0
github.com/DataDog/pup/cmd/cicd.go:166.3,166.57 1 0
github.com/DataDog/pup/cmd/cicd.go:169.2,170.16 2 0
github.com/DataDog/pup/cmd/cicd.go:170.16,172.3 1 0
github.com/DataDog/pup/cmd/cicd.go:173.2,174.12 2 0
github.com/DataDog/pup/cmd/cicd.go:177.67,179.16 2 0
github.com/DataDog/pup/cmd/cicd.go:179.16,181.3 1 0
github.com/DataDog/pup/cmd/cicd.go:183.2,196.16 8 0
github.com/DataDog/pup/cmd/cicd.go:196.16,197.15 1 0
github.com/DataDog/pup/cmd/cicd.go:197.15,199.4 1 0
github.com/DataDog/pup/cmd/cicd.go:200.3,200.55 1 0
github.com/DataDog/pup/cmd/cicd.go:203.2,204.16 2 0
github.com/DataDog/pup/cmd/cicd.go:204.16,206.3 1 0
github.com/DataDog/pup/cmd/cicd.go:207.2,208.12 2 0
github.com/DataDog/pup/cmd/cicd.go:211.67,213.16 2 0
github.com/DataDog/pup/cmd/cicd.go:213.16,215.3 1 0
github.com/DataDog/pup/cmd/cicd.go:217.2,219.23 3 0
github.com/DataDog/pup/cmd/cicd.go:219.23,221.3 1 0
github.com/DataDog/pup/cmd/cicd.go:221.8,223.3 1 0
github.com/DataDog/pup/cmd/cicd.go:225.2,244.16 10 0
github.com/DataDog/pup/cmd/cicd.go:244.16,245.15 1 0
github.com/DataDog/pup/cmd/cicd.go:245.15,247.4 1 0
github.com/DataDog/pup/cmd/cicd.go:248.3,248.56 1 0
github.com/DataDog/pup/cmd/cicd.go:251.2,252.16 2 0
github.com/DataDog/pup/cmd/cicd.go:252.16,254.3 1 0
github.com/DataDog/pup/cmd/cicd.go:255.2,256.12 2 0
github.com/DataDog/pup/cmd/cicd.go:259.70,261.16 2 0
github.com/DataDog/pup/cmd/cicd.go:261.16,263.3 1 0
github.com/DataDog/pup/cmd/cicd.go:265.2,267.16 3 0
github.com/DataDog/pup/cmd/cicd.go:267.16,269.3 1 0
github.com/DataDog/pup/cmd/cicd.go:271.2,272.23 2 0
github.com/DataDog/pup/cmd/cicd.go:272.23,274.32 2 0
github.com/DataDog/pup/cmd/cicd.go:274.32,280.4 5 0
github.com/DataDog/pup/cmd/cicd.go:283.2,293.22 5 0
github.com/DataDog/pup/cmd/cicd.go:293.22,295.3 1 0
github.com/DataDog/pup/cmd/cicd.go:297.2,298.16 2 0
github.com/DataDog/pup/cmd/cicd.go:298.16,299.15 1 0
github.com/DataDog/pup/cmd/cicd.go:299.15,301.4 1 0
github.com/DataDog/pup/cmd/cicd.go:302.3,302.59 1 0
github.com/DataDog/pup/cmd/cicd.go:305.2,306.16 2 0
github.com/DataDog/pup/cmd/cicd.go:306.16,308.3 1 0
github.com/DataDog/pup/cmd/cicd.go:309.2,310.12 2 0
github.com/DataDog/pup/cmd/cicd.go:313.79,314.41 1 0
github.com/DataDog/pup/cmd/cicd.go:314.41,318.3 1 0
github.com/DataDog/pup/cmd/cicd.go:320.2,321.21 2 0
github.com/DataDog/pup/cmd/cicd.go:321.21,323.3 1 0
github.com/DataDog/pup/cmd/cicd.go:325.2,329.18 4 0
github.com/DataDog/pup/cmd/cicd.go:330.15,331.53 1 0
github.com/DataDog/pup/cmd/cicd.go:332.21,333.59 1 0
github.com/DataDog/pup/cmd/cicd.go:334.10,335.107 1 0
github.com/DataDog/pup/cmd/cicd.go:338.2,341.8 1 0
github.com/DataDog/pup/cmd/cloud.go:77.13,82.2 4 1
github.com/DataDog/pup/cmd/cloud.go:84.63,86.16 2 0
github.com/DataDog/pup/cmd/cloud.go:86.16,88.3 1 0
github.com/DataDog/pup/cmd/cloud.go:90.2,92.16 3 0
github.com/DataDog/pup/cmd/cloud.go:92.16,93.15 1 0
github.com/DataDog/pup/cmd/cloud.go:93.15,95.4 1 0
github.com/DataDog/pup/cmd/cloud.go:96.3,96.64 1 0
github.com/DataDog/pup/cmd/cloud.go:99.2,100.16 2 0
github.com/DataDog/pup/cmd/cloud.go:100.16,102.3 1 0
github.com/DataDog/pup/cmd/cloud.go:103.2,104.12 2 0
github.com/DataDog/pup/cmd/cloud.go:107.63,109.16 2 0
github.com/DataDog/pup/cmd/cloud.go:109.16,111.3 1 0
github.com/DataDog/pup/cmd/cloud.go:113.2,115.16 3 0
github.com/DataDog/pup/cmd/cloud.go:115.16,116.15 1 0
github.com/DataDog/pup/cmd/cloud.go:116.15,118.4 1 0
github.com/DataDog/pup/cmd/cloud.go:119.3,119.64 1 0
github.com/DataDog/pup/cmd/cloud.go:122.2,123.16 2 0
github.com/DataDog/pup/cmd/cloud.go:123.16,125.3 1 0
github.com/DataDog/pup/cmd/cloud.go:126.2,127.12 2 0
github.com/DataDog/pup/cmd/cloud.go:130.65,132.16 2 0
github.com/DataDog/pup/cmd/cloud.go:132.16,134.3 1 0
github.com/DataDog/pup/cmd/cloud.go:136.2,138.16 3 0
github.com/DataDog/pup/cmd/cloud.go:138.16,139.15 1 0
github.com/DataDog/pup/cmd/cloud.go:139.15,141.4 1 0
github.com/DataDog/pup/cmd/cloud.go:142.3,142.66 1 0
github.com/DataDog/pup/cmd/cloud.go:145.2,146.16 2 0
github.com/DataDog/pup/cmd/cloud.go:146.16,148.3 1 0
github.com/DataDog/pup/cmd/cloud.go:149.2,150.12 2 0
github.com/DataDog/pup/cmd/cost.go:113.13,129.2 10 1
github.com/DataDog/pup/cmd/cost.go:131.64,133.16 2 0
github.com/DataDog/pup/cmd/cost.go:133.16,135.3 1 0
github.com/DataDog/pup/cmd/cost.go:137.2,141.16 4 0
github.com/DataDog/pup/cmd/cost.go:141.16,143.3 1 0
github.com/DataDog/pup/cmd/cost.go:145.2,146.16 2 0
github.com/DataDog/pup/cmd/cost.go:146.16,148.3 1 0
github.com/DataDog/pup/cmd/cost.go:150.2,151.12 2 0
github.com/DataDog/pup/cmd/cost.go:154.66,156.16 2 0
github.com/DataDog/pup/cmd/cost.go:156.16,158.3 1 0
github.com/DataDog/pup/cmd/cost.go:161.2,162.16 2 0
github.com/DataDog/pup/cmd/cost.go:162.16,164.3 1 0
github.com/DataDog/pup/cmd/cost.go:167.2,168.24 2 0
github.com/DataDog/pup/cmd/cost.go:168.24,170.17 2 0
github.com/DataDog/pup/cmd/cost.go:170.17,172.4 1 0
github.com/DataDog/pup/cmd/cost.go:175.2,177.24 3 0
github.com/DataDog/pup/cmd/cost.go:177.24,179.3 1 0
github.com/DataDog/pup/cmd/cost.go:181.2,182.16 2 0
github.com/DataDog/pup/cmd/cost.go:182.16,184.3 1 0
github.com/DataDog/pup/cmd/cost.go:186.2,187.16 2 0
github.com/DataDog/pup/cmd/cost.go:187.16,189.3 1 0
github.com/DataDog/pup/cmd/cost.go:191.2,192.12 2 0
github.com/DataDog/pup/cmd/cost.go:195.60,197.16 2 0
github.com/DataDog/pup/cmd/cost.go:197.16,199.3 1 0
github.com/DataDog/pup/cmd/cost.go:202.2,203.16 2 0
github.com/DataDog/pup/cmd/cost.go:203.16,205.3 1 0
github.com/DataDog/pup/cmd/cost.go:207.2,213.18 4 0
github.com/DataDog/pup/cmd/cost.go:214.16,216.25 2 0
github.com/DataDog/pup/cmd/cost.go:216.25,218.18 2 0
github.com/DataDog/pup/cmd/cost.go:218.18,220.5 1 0
github.com/DataDog/pup/cmd/cost.go:221.4,221.30 1 0
github.com/DataDog/pup/cmd/cost.go:223.3,223.69 1 0
github.com/DataDog/pup/cmd/cost.go:225.19,228.25 3 0
github.com/DataDog/pup/cmd/cost.go:228.25,230.18 2 0
github.com/DataDog/pup/cmd/cost.go:230.18,232.5 1 0
github.com/DataDog/pup/cmd/cost.go:233.4,233.30 1 0
github.com/DataDog/pup/cmd/cost.go:235.3,235.67 1 0
github.com/DataDog/pup/cmd/cost.go:237.20,239.25 2 0
github.com/DataDog/pup/cmd/cost.go:239.25,241.18 2 0
github.com/DataDog/pup/cmd/cost.go:241.18,243.5 1 0
github.com/DataDog/pup/cmd/cost.go:244.4,244.30 1 0
github.com/DataDog/pup/cmd/cost.go:246.3,246.79 1 0
github.com/DataDog/pup/cmd/cost.go:248.10,249.98 1 0
github.com/DataDog/pup/cmd/cost.go:252.2,252.16 1 0
github.com/DataDog/pup/cmd/cost.go:252.16,254.3 1 0
github.com/DataDog/pup/cmd/cost.go:256.2,257.16 2 0
github.com/DataDog/pup/cmd/cost.go:257.16,259.3 1 0
github.com/DataDog/pup/cmd/cost.go:261.2,262.12 2 0
github.com/DataDog/pup/cmd/dashboards.go:193.13,197.2 3 1
github.com/DataDog/pup/cmd/dashboards.go:199.65,201.16 2 1
github.com/DataDog/pup/cmd/dashboards.go:201.16,203.3 1 1
github.com/DataDog/pup/cmd/dashboards.go:205.2,208.16 3 0
github.com/DataDog/pup/cmd/dashboards.go:208.16,209.15 1 0
github.com/DataDog/pup/cmd/dashboards.go:209.15,211.4 1 0
github.com/DataDog/pup/cmd/dashboards.go:212.3,212.58 1 0
github.com/DataDog/pup/cmd/dashboards.go:215.2,216.16 2 0
github.com/DataDog/pup/cmd/dashboards.go:216.16,218.3 1 0
github.com/DataDog/pup/cmd/dashboards.go:220.2,221.12 2 0
github.com/DataDog/pup/cmd/dashboards.go:224.64,226.16 2 1
github.com/DataDog/pup/cmd/dashboards.go:226.16,228.3 1 1
github.com/DataDog/pup/cmd/dashboards.go:230.2,234.16 4 0
github.com/DataDog/pup/cmd/dashboards.go:234.16,235.15 1 0
github.com/DataDog/pup/cmd/dashboards.go:235.15,237.4 1 0
github.com/DataDog/pup/cmd/dashboards.go:238.3,238.56 1 0
github.com/DataDog/pup/cmd/dashboards.go:241.2,242.16 2 0
github.com/DataDog/pup/cmd/dashboards.go:242.16,244.3 1 0
github.com/DataDog/pup/cmd/dashboards.go:246.2,247.12 2 0
github.com/DataDog/pup/cmd/dashboards.go:250.67,252.16 2 1
github.com/DataDog/pup/cmd/dashboards.go:252.16,254.3 1 1
github.com/DataDog/pup/cmd/dashboards.go:256.2,259.22 2 0
github.com/DataDog/pup/cmd/dashboards.go:259.22,264.17 4 0
github.com/DataDog/pup/cmd/dashboards.go:264.17,268.4 2 0
github.com/DataDog/pup/cmd/dashboards.go:269.3,269.41 1 0
github.com/DataDog/pup/cmd/dashboards.go:269.41,272.4 2 0
github.com/DataDog/pup/cmd/dashboards.go:275.2,278.16 3 0
github.com/DataDog/pup/cmd/dashboards.go:278.16,279.15 1 0
github.com/DataDog/pup/cmd/dashboards.go:279.15,281.4 1 0
github.com/DataDog/pup/cmd/dashboards.go:282.3,282.59 1 0
github.com/DataDog/pup/cmd/dashboards.go:285.2,286.16 2 0
github.com/DataDog/pup/cmd/dashboards.go:286.16,288.3 1 0
github.com/DataDog/pup/cmd/dashboards.go:290.2,291.12 2 0
github.com/DataDog/pup/cmd/data_governance.go:54.13,58.2 3 1
github.com/DataDog/pup/cmd/data_governance.go:60.81,62.16 2 0
github.com/DataDog/pup/cmd/data_governance.go:62.16,64.3 1 0
github.com/DataDog/pup/cmd/data_governance.go:66.2,68.16 3 0
github.com/DataDog/pup/cmd/data_governance.go:68.16,69.15 1 0
github.com/DataDog/pup/cmd/data_governance.go:69.15,71.4 1 0
github.com/DataDog/pup/cmd/data_governance.go:72.3,72.62 1 0
github.com/DataDog/pup/cmd/data_governance.go:75.2,76.16 2 0
github.com/DataDog/pup/cmd/data_governance.go:76.16,78.3 1 0
github.com/DataDog/pup/cmd/data_governance.go:79.2,80.12 2 0
github.com/DataDog/pup/cmd/downtime.go:65.13,67.2 1 1
github.com/DataDog/pup/cmd/downtime.go:69.63,71.16 2 0
github.com/DataDog/pup/cmd/downtime.go:71.16,73.3 1 0
github.com/DataDog/pup/cmd/downtime.go:75.2,77.16 3 0
github.com/DataDog/pup/cmd/downtime.go:77.16,78.15 1 0
github.com/DataDog/pup/cmd/downtime.go:78.15,80.4 1 0
github.com/DataDog/pup/cmd/downtime.go:81.3,81.57 1 0
github.com/DataDog/pup/cmd/downtime.go:84.2,85.16 2 0
github.com/DataDog/pup/cmd/downtime.go:85.16,87.3 1 0
github.com/DataDog/pup/cmd/downtime.go:88.2,89.12 2 0
github.com/DataDog/pup/cmd/downtime.go:92.62,94.16 2 0
github.com/DataDog/pup/cmd/downtime.go:94.16,96.3 1 0
github.com/DataDog/pup/cmd/downtime.go:98.2,101.16 4 0
github.com/DataDog/pup/cmd/downtime.go:101.16,102.15 1 0
github.com/DataDog/pup/cmd/downtime.go:102.15,104.4 1 0
github.com/DataDog/pup/cmd/downtime.go:105.3,105.55 1 0
github.com/DataDog/pup/cmd/downtime.go:108.2,109.16 2 0
github.com/DataDog/pup/cmd/downtime.go:109.16,111.3 1 0
github.com/DataDog/pup/cmd/downtime.go:112.2,113.12 2 0
github.com/DataDog/pup/cmd/downtime.go:116.65,118.16 2 0
github.com/DataDog/pup/cmd/downtime.go:118.16,120.3 1 0
github.com/DataDog/pup/cmd/downtime.go:122.2,123.22 2 0
github.com/DataDog/pup/cmd/downtime.go:123.22,127.50 4 0
github.com/DataDog/pup/cmd/downtime.go:127.50,131.4 2 0
github.com/DataDog/pup/cmd/downtime.go:132.3,132.41 1 0
github.com/DataDog/pup/cmd/downtime.go:132.41,135.4 2 0
github.com/DataDog/pup/cmd/downtime.go:138.2,140.16 3 0
github.com/DataDog/pup/cmd/downtime.go:140.16,141.15 1 0
github.com/DataDog/pup/cmd/downtime.go:141.15,143.4 1 0
github.com/DataDog/pup/cmd/downtime.go:144.3,144.58 1 0
github.com/DataDog/pup/cmd/downtime.go:147.2,148.12 2 0
github.com/DataDog/pup/cmd/error_tracking.go:106.13,115.2 7 1
github.com/DataDog/pup/cmd/error_tracking.go:117.76,119.16 2 0
github.com/DataDog/pup/cmd/error_tracking.go:119.16,121.3 1 0
github.com/DataDog/pup/cmd/error_tracking.go:123.2,124.16 2 0
github.com/DataDog/pup/cmd/error_tracking.go:124.16,126.3 1 0
github.com/DataDog/pup/cmd/error_tracking.go:128.2,129.16 2 0
github.com/DataDog/pup/cmd/error_tracking.go:129.16,131.3 1 0
github.com/DataDog/pup/cmd/error_tracking.go:133.2,156.16 6 0
github.com/DataDog/pup/cmd/error_tracking.go:156.16,158.3 1 0
github.com/DataDog/pup/cmd/error_tracking.go:160.2,160.25 1 0
github.com/DataDog/pup/cmd/error_tracking.go:160.25,163.3 2 0
github.com/DataDog/pup/cmd/error_tracking.go:165.2,165.45 1 0
github.com/DataDog/pup/cmd/error_tracking.go:165.45,167.3 1 0
github.com/DataDog/pup/cmd/error_tracking.go:169.2,170.16 2 0
github.com/DataDog/pup/cmd/error_tracking.go:170.16,172.3 1 0
github.com/DataDog/pup/cmd/error_tracking.go:174.2,175.12 2 0
github.com/DataDog/pup/cmd/error_tracking.go:178.73,180.16 2 0
github.com/DataDog/pup/cmd/error_tracking.go:180.16,182.3 1 0
github.com/DataDog/pup/cmd/error_tracking.go:184.2,196.16 5 0
github.com/DataDog/pup/cmd/error_tracking.go:196.16,198.3 1 0
github.com/DataDog/pup/cmd/error_tracking.go:200.2,201.16 2 0
github.com/DataDog/pup/cmd/error_tracking.go:201.16,203.3 1 0
github.com/DataDog/pup/cmd/error_tracking.go:205.2,206.12 2 0
github.com/DataDog/pup/cmd/events.go:75.13,87.2 9 1
github.com/DataDog/pup/cmd/events.go:89.61,91.16 2 0
github.com/DataDog/pup/cmd/events.go:91.16,93.3 1 0
github.com/DataDog/pup/cmd/events.go:95.2,100.16 4 0
github.com/DataDog/pup/cmd/events.go:100.16,102.3 1 0
github.com/DataDog/pup/cmd/events.go:103.2,103.14 1 0
github.com/DataDog/pup/cmd/events.go:103.14,105.3 1 0
github.com/DataDog/pup/cmd/events.go:107.2,108.22 2 0
github.com/DataDog/pup/cmd/events.go:108.22,110.3 1 0
github.com/DataDog/pup/cmd/events.go:112.2,113.16 2 0
github.com/DataDog/pup/cmd/events.go:113.16,114.15 1 0
github.com/DataDog/pup/cmd/events.go:114.15,116.4 1 0
github.com/DataDog/pup/cmd/events.go:117.3,117.54 1 0
github.com/DataDog/pup/cmd/events.go:120.2,121.16 2 0
github.com/DataDog/pup/cmd/events.go:121.16,123.3 1 0
github.com/DataDog/pup/cmd/events.go:124.2,125.12 2 0
github.com/DataDog/pup/cmd/events.go:128.63,130.16 2 0
github.com/DataDog/pup/cmd/events.go:130.16,132.3 1 0
github.com/DataDog/pup/cmd/events.go:134.2,137.45 3 0
github.com/DataDog/pup/cmd/events.go:137.45,141.24 3 0
github.com/DataDog/pup/cmd/events.go:141.24,143.4 1 0
github.com/DataDog/pup/cmd/events.go:144.3,144.25 1 0
github.com/DataDog/pup/cmd/events.go:144.25,146.4 1 0
github.com/DataDog/pup/cmd/events.go:147.3,147.23 1 0
github.com/DataDog/pup/cmd/events.go:147.23,149.4 1 0
github.com/DataDog/pup/cmd/events.go:150.3,150.21 1 0
github.com/DataDog/pup/cmd/events.go:150.21,152.4 1 0
github.com/DataDog/pup/cmd/events.go:154.3,156.22 2 0
github.com/DataDog/pup/cmd/events.go:156.22,160.4 3 0
github.com/DataDog/pup/cmd/events.go:162.3,162.22 1 0
github.com/DataDog/pup/cmd/events.go:165.2,166.16 2 0
github.com/DataDog/pup/cmd/events.go:166.16,167.15 1 0
github.com/DataDog/pup/cmd/events.go:167.15,169.4 1 0
github.com/DataDog/pup/cmd/events.go:170.3,170.56 1 0
github.com/DataDog/pup/cmd/events.go:173.2,174.16 2 0
github.com/DataDog/pup/cmd/events.go:174.16,176.3 1 0
github.com/DataDog/pup/cmd/events.go:177.2,178.12 2 0
github.com/DataDog/pup/cmd/events.go:181.60,183.16 2 0
github.com/DataDog/pup/cmd/events.go:183.16,185.3 1 0
github.com/DataDog/pup/cmd/events.go:187.2,190.16 4 0
github.com/DataDog/pup/cmd/events.go:190.16,191.15 1 0
github.com/DataDog/pup/cmd/events.go:191.15,193.4 1 0
github.com/DataDog/pup/cmd/events.go:194.3,194.52 1 0
github.com/DataDog/pup/cmd/events.go:197.2,198.16 2 0
github.com/DataDog/pup/cmd/events.go:198.16,200.3 1 0
github.com/DataDog/pup/cmd/events.go:201.2,202.12 2 0
github.com/DataDog/pup/cmd/incidents.go:273.13,284.2 2 1
github.com/DataDog/pup/cmd/incidents.go:286.64,288.16 2 1
github.com/DataDog/pup/cmd/incidents.go:288.16,290.3 1 1
github.com/DataDog/pup/cmd/incidents.go:292.2,294.16 3 0
github.com/DataDog/pup/cmd/incidents.go:294.16,296.3 1 0
github.com/DataDog/pup/cmd/incidents.go:298.2,299.16 2 0
github.com/DataDog/pup/cmd/incidents.go:299.16,301.3 1 0
github.com/DataDog/pup/cmd/incidents.go:303.2,304.12 2 0
github.com/DataDog/pup/cmd/incidents.go:307.63,309.16 2 1
github.com/DataDog/pup/cmd/incidents.go:309.16,311.3 1 1
github.com/DataDog/pup/cmd/incidents.go:313.2,317.16 4 0
github.com/DataDog/pup/cmd/incidents.go:317.16,319.3 1 0
github.com/DataDog/pup/cmd/incidents.go:321.2,322.16 2 0
github.com/DataDog/pup/cmd/incidents.go:322.16,324.3 1 0
github.com/DataDog/pup/cmd/incidents.go:326.2,327.12 2 0
github.com/DataDog/pup/cmd/incidents.go:331.75,333.16 2 0
github.com/DataDog/pup/cmd/incidents.go:333.16,335.3 1 0
github.com/DataDog/pup/cmd/incidents.go:337.2,341.16 4 0
github.com/DataDog/pup/cmd/incidents.go:341.16,343.3 1 0
github.com/DataDog/pup/cmd/incidents.go:345.2,346.16 2 0
github.com/DataDog/pup/cmd/incidents.go:346.16,348.3 1 0
github.com/DataDog/pup/cmd/incidents.go:350.2,351.12 2 0
github.com/DataDog/pup/cmd/incidents.go:354.77,359.22 3 0
github.com/DataDog/pup/cmd/incidents.go:359.22,364.17 4 0
github.com/DataDog/pup/cmd/incidents.go:364.17,366.4 1 0
github.com/DataDog/pup/cmd/incidents.go:368.3,368.62 1 0
github.com/DataDog/pup/cmd/incidents.go:368.62,371.4 2 0
github.com/DataDog/pup/cmd/incidents.go:374.2,375.16 2 0
github.com/DataDog/pup/cmd/incidents.go:375.16,377.3 1 0
github.com/DataDog/pup/cmd/incidents.go:379.2,381.16 3 0
github.com/DataDog/pup/cmd/incidents.go:381.16,383.3 1 0
github.com/DataDog/pup/cmd/incidents.go:385.2,386.12 2 0
github.com/DataDog/pup/cmd/infrastructure.go:65.13,72.2 5 1
github.com/DataDog/pup/cmd/infrastructure.go:74.74,76.16 2 0
github.com/DataDog/pup/cmd/infrastructure.go:76.16,78.3 1 0
github.com/DataDog/pup/cmd/infrastructure.go:80.2,82.23 3 0
github.com/DataDog/pup/cmd/infrastructure.go:82.23,84.3 1 0
github.com/DataDog/pup/cmd/infrastructure.go:85.2,85.21 1 0
github.com/DataDog/pup/cmd/infrastructure.go:85.21,87.3 1 0
github.com/DataDog/pup/cmd/infrastructure.go:88.2,88.20 1 0
github.com/DataDog/pup/cmd/infrastructure.go:88.20,90.3 1 0
github.com/DataDog/pup/cmd/infrastructure.go:92.2,93.16 2 0
github.com/DataDog/pup/cmd/infrastructure.go:93.16,94.15 1 0
github.com/DataDog/pup/cmd/infrastructure.go:94.15,96.4 1 0
github.com/DataDog/pup/cmd/infrastructure.go:97.3,97.53 1 0
github.com/DataDog/pup/cmd/infrastructure.go:100.2,101.16 2 0
github.com/DataDog/pup/cmd/infrastructure.go:101.16,103.3 1 0
github.com/DataDog/pup/cmd/infrastructure.go:104.2,105.12 2 0
github.com/DataDog/pup/cmd/infrastructure.go:108.73,110.16 2 0
github.com/DataDog/pup/cmd/infrastructure.go:110.16,112.3 1 0
github.com/DataDog/pup/cmd/infrastructure.go:114.2,117.16 4 0
github.com/DataDog/pup/cmd/infrastructure.go:117.16,118.15 1 0
github.com/DataDog/pup/cmd/infrastructure.go:118.15,120.4 1 0
github.com/DataDog/pup/cmd/infrastructure.go:121.3,121.51 1 0
github.com/DataDog/pup/cmd/infrastructure.go:124.2,126.16 3 0
github.com/DataDog/pup/cmd/infrastructure.go:126.16,128.3 1 0
github.com/DataDog/pup/cmd/infrastructure.go:129.2,130.12 2 0
github.com/DataDog/pup/cmd/integrations.go:77.13,82.2 4 1
github.com/DataDog/pup/cmd/integrations.go:84.72,86.16 2 0
github.com/DataDog/pup/cmd/integrations.go:86.16,88.3 1 0
github.com/DataDog/pup/cmd/integrations.go:90.2,92.16 3 0
github.com/DataDog/pup/cmd/integrations.go:92.16,93.15 1 0
github.com/DataDog/pup/cmd/integrations.go:93.15,95.4 1 0
github.com/DataDog/pup/cmd/integrations.go:96.3,96.62 1 0
github.com/DataDog/pup/cmd/integrations.go:99.2,100.16 2 0
github.com/DataDog/pup/cmd/integrations.go:100.16,102.3 1 0
github.com/DataDog/pup/cmd/integrations.go:103.2,104.12 2 0
github.com/DataDog/pup/cmd/integrations.go:107.76,111.2 1 0
github.com/DataDog/pup/cmd/integrations.go:113.75,115.16 2 0
github.com/DataDog/pup/cmd/integrations.go:115.16,117.3 1 0
github.com/DataDog/pup/cmd/integrations.go:119.2,121.16 3 0
github.com/DataDog/pup/cmd/integrations.go:121.16,122.15 1 0
github.com/DataDog/pup/cmd/integrations.go:122.15,124.4 1 0
github.com/DataDog/pup/cmd/integrations.go:125.3,125.56 1 0
github.com/DataDog/pup/cmd/integrations.go:128.2,129.16 2 0
github.com/DataDog/pup/cmd/integrations.go:129.16,131.3 1 0
github.com/DataDog/pup/cmd/integrations.go:132.2,133.12 2 0
github.com/DataDog/pup/cmd/investigations.go:75.13,81.74 5 1
github.com/DataDog/pup/cmd/investigations.go:81.74,82.64 1 0
github.com/DataDog/pup/cmd/investigations.go:86.2,90.101 4 1
github.com/DataDog/pup/cmd/investigations.go:93.72,95.16 2 1
github.com/DataDog/pup/cmd/investigations.go:95.16,97.3 1 1
github.com/DataDog/pup/cmd/investigations.go:99.2,100.16 2 0
github.com/DataDog/pup/cmd/investigations.go:100.16,102.3 1 0
github.com/DataDog/pup/cmd/investigations.go:104.2,105.16 2 0
github.com/DataDog/pup/cmd/investigations.go:105.16,107.3 1 0
github.com/DataDog/pup/cmd/investigations.go:109.2,110.16 2 0
github.com/DataDog/pup/cmd/investigations.go:110.16,112.3 1 0
github.com/DataDog/pup/cmd/investigations.go:113.2,113.15 1 0
github.com/DataDog/pup/cmd/investigations.go:113.15,113.40 1 0
github.com/DataDog/pup/cmd/investigations.go:115.2,116.16 2 0
github.com/DataDog/pup/cmd/investigations.go:116.16,118.3 1 0
github.com/DataDog/pup/cmd/investigations.go:120.2,121.16 2 0
github.com/DataDog/pup/cmd/investigations.go:121.16,123.3 1 0
github.com/DataDog/pup/cmd/investigations.go:124.2,125.12 2 0
github.com/DataDog/pup/cmd/investigations.go:128.68,130.16 2 1
github.com/DataDog/pup/cmd/investigations.go:130.16,132.3 1 1
github.com/DataDog/pup/cmd/investigations.go:134.2,136.16 3 0
github.com/DataDog/pup/cmd/investigations.go:136.16,138.3 1 0
github.com/DataDog/pup/cmd/investigations.go:139.2,139.15 1 0
github.com/DataDog/pup/cmd/investigations.go:139.15,139.40 1 0
github.com/DataDog/pup/cmd/investigations.go:141.2,142.16 2 0
github.com/DataDog/pup/cmd/investigations.go:142.16,144.3 1 0
github.com/DataDog/pup/cmd/investigations.go:146.2,147.16 2 0
github.com/DataDog/pup/cmd/investigations.go:147.16,149.3 1 0
github.com/DataDog/pup/cmd/investigations.go:150.2,151.12 2 0
github.com/DataDog/pup/cmd/investigations.go:154.69,156.16 2 1
github.com/DataDog/pup/cmd/investigations.go:156.16,158.3 1 1
github.com/DataDog/pup/cmd/investigations.go:160.2,161.25 2 0
github.com/DataDog/pup/cmd/investigations.go:161.25,163.3 1 0
github.com/DataDog/pup/cmd/investigations.go:165.2,166.16 2 0
github.com/DataDog/pup/cmd/investigations.go:166.16,168.3 1 0
github.com/DataDog/pup/cmd/investigations.go:169.2,169.15 1 0
github.com/DataDog/pup/cmd/investigations.go:169.15,169.40 1 0
github.com/DataDog/pup/cmd/investigations.go:171.2,172.16 2 0
github.com/DataDog/pup/cmd/investigations.go:172.16,174.3 1 0
github.com/DataDog/pup/cmd/investigations.go:176.2,177.16 2 0
github.com/DataDog/pup/cmd/investigations.go:177.16,179.3 1 0
github.com/DataDog/pup/cmd/investigations.go:180.2,181.12 2 0
github.com/DataDog/pup/cmd/investigations.go:184.56,187.39 2 1
github.com/DataDog/pup/cmd/investigations.go:187.39,189.3 1 1
github.com/DataDog/pup/cmd/investigations.go:190.2,190.23 1 1
github.com/DataDog/pup/cmd/investigations.go:190.23,192.3 1 1
github.com/DataDog/pup/cmd/investigations.go:193.2,193.22 1 1
github.com/DataDog/pup/cmd/investigations.go:193.22,195.3 1 1
github.com/DataDog/pup/cmd/investigations.go:196.2,196.21 1 1
github.com/DataDog/pup/cmd/investigations.go:196.21,198.3 1 1
github.com/DataDog/pup/cmd/investigations.go:199.2,215.8 2 1
github.com/DataDog/pup/cmd/investigations.go:218.67,220.16 2 1
github.com/DataDog/pup/cmd/investigations.go:220.16,222.3 1 0
github.com/DataDog/pup/cmd/investigations.go:224.2,224.28 1 1
github.com/DataDog/pup/cmd/investigations.go:224.28,226.10 2 1
github.com/DataDog/pup/cmd/investigations.go:227.31,228.147 1 1
github.com/DataDog/pup/cmd/investigations.go:229.31,230.103 1 1
github.com/DataDog/pup/cmd/investigations.go:231.31,232.124 1 1
github.com/DataDog/pup/cmd/investigations.go:233.31,234.139 1 1
github.com/DataDog/pup/cmd/investigations.go:235.31,236.61 1 1
github.com/DataDog/pup/cmd/investigations.go:237.11,238.82 1 1
github.com/DataDog/pup/cmd/investigations.go:242.2,243.59 2 1
github.com/DataDog/pup/cmd/investigations.go:243.59,245.3 1 1
github.com/DataDog/pup/cmd/investigations.go:247.2,247.20 1 1
github.com/DataDog/pup/cmd/logs_simple.go:556.13,565.64 8 1
github.com/DataDog/pup/cmd/logs_simple.go:565.64,566.64 1 0
github.com/DataDog/pup/cmd/logs_simple.go:568.2,568.63 1 1
github.com/DataDog/pup/cmd/logs_simple.go:568.63,569.64 1 0
github.com/DataDog/pup/cmd/logs_simple.go:573.2,579.61 7 1
github.com/DataDog/pup/cmd/logs_simple.go:579.61,580.64 1 0
github.com/DataDog/pup/cmd/logs_simple.go:584.2,591.63 8 1
github.com/DataDog/pup/cmd/logs_simple.go:591.63,592.64 1 0
github.com/DataDog/pup/cmd/logs_simple.go:594.2,594.62 1 1
github.com/DataDog/pup/cmd/logs_simple.go:594.62,595.64 1 0
github.com/DataDog/pup/cmd/logs_simple.go:599.2,606.67 8 1
github.com/DataDog/pup/cmd/logs_simple.go:606.67,607.64 1 0
github.com/DataDog/pup/cmd/logs_simple.go:609.2,609.66 1 1
github.com/DataDog/pup/cmd/logs_simple.go:609.66,610.64 1 0
github.com/DataDog/pup/cmd/logs_simple.go:614.2,639.47 18 1
github.com/DataDog/pup/cmd/logs_simple.go:645.53,646.22 1 1
github.com/DataDog/pup/cmd/logs_simple.go:646.22,648.3 1 1
github.com/DataDog/pup/cmd/logs_simple.go:651.2,651.23 1 1
github.com/DataDog/pup/cmd/logs_simple.go:651.23,656.63 4 1
github.com/DataDog/pup/cmd/logs_simple.go:656.63,658.16 2 1
github.com/DataDog/pup/cmd/logs_simple.go:659.13,660.50 1 0
github.com/DataDog/pup/cmd/logs_simple.go:661.13,662.50 1 1
github.com/DataDog/pup/cmd/logs_simple.go:663.13,664.48 1 1
github.com/DataDog/pup/cmd/logs_simple.go:665.13,666.53 1 1
github.com/DataDog/pup/cmd/logs_simple.go:667.13,668.57 1 0
github.com/DataDog/pup/cmd/logs_simple.go:669.12,670.79 1 0
github.com/DataDog/pup/cmd/logs_simple.go:672.4,672.59 1 1
github.com/DataDog/pup/cmd/logs_simple.go:677.2,678.65 2 1
github.com/DataDog/pup/cmd/logs_simple.go:678.65,680.3 1 0
github.com/DataDog/pup/cmd/logs_simple.go:682.2,682.101 1 1
github.com/DataDog/pup/cmd/logs_simple.go:687.88,688.19 1 1
github.com/DataDog/pup/cmd/logs_simple.go:688.19,690.3 1 1
github.com/DataDog/pup/cmd/logs_simple.go:693.2,696.35 3 1
github.com/DataDog/pup/cmd/logs_simple.go:696.35,697.33 1 1
github.com/DataDog/pup/cmd/logs_simple.go:697.33,700.4 2 1
github.com/DataDog/pup/cmd/logs_simple.go:703.2,703.206 1 1
github.com/DataDog/pup/cmd/logs_simple.go:708.88,719.41 3 1
github.com/DataDog/pup/cmd/logs_simple.go:719.41,721.3 1 1
github.com/DataDog/pup/cmd/logs_simple.go:725.2,728.20 3 1
github.com/DataDog/pup/cmd/logs_simple.go:728.20,731.40 2 1
github.com/DataDog/pup/cmd/logs_simple.go:731.40,732.26 1 1
github.com/DataDog/pup/cmd/logs_simple.go:732.26,734.5 1 0
github.com/DataDog/pup/cmd/logs_simple.go:736.3,737.48 1 1
github.com/DataDog/pup/cmd/logs_simple.go:740.2,743.42 4 1
github.com/DataDog/pup/cmd/logs_simple.go:743.42,745.3 1 1
github.com/DataDog/pup/cmd/logs_simple.go:748.2,748.33 1 1
github.com/DataDog/pup/cmd/logs_simple.go:748.33,749.28 1 1
github.com/DataDog/pup/cmd/logs_simple.go:749.28,751.4 1 1
github.com/DataDog/pup/cmd/logs_simple.go:752.3,752.39 1 1
github.com/DataDog/pup/cmd/logs_simple.go:756.2,757.39 2 1
github.com/DataDog/pup/cmd/logs_simple.go:757.39,758.27 1 1
github.com/DataDog/pup/cmd/logs_simple.go:758.27,760.9 2 1
github.com/DataDog/pup/cmd/logs_simple.go:764.2,764.42 1 1
github.com/DataDog/pup/cmd/logs_simple.go:764.42,766.3 1 1
github.com/DataDog/pup/cmd/logs_simple.go:768.2,768.14 1 1
github.com/DataDog/pup/cmd/logs_simple.go:768.14,771.3 1 1
github.com/DataDog/pup/cmd/logs_simple.go:773.2,773.33 1 1
github.com/DataDog/pup/cmd/logs_simple.go:778.61,781.16 2 1
github.com/DataDog/pup/cmd/logs_simple.go:781.16,783.3 1 1
github.com/DataDog/pup/cmd/logs_simple.go:785.2,786.16 2 1
github.com/DataDog/pup/cmd/logs_simple.go:786.16,788.3 1 0
github.com/DataDog/pup/cmd/logs_simple.go:790.2,791.16 2 1
github.com/DataDog/pup/cmd/logs_simple.go:791.16,793.3 1 0
github.com/DataDog/pup/cmd/logs_simple.go:795.2,796.16 2 1
github.com/DataDog/pup/cmd/logs_simple.go:796.16,798.3 1 1
github.com/DataDog/pup/cmd/logs_simple.go:800.2,809.23 7 0
github.com/DataDog/pup/cmd/logs_simple.go:809.23,811.3 1 0
github.com/DataDog/pup/cmd/logs_simple.go:813.2,826.24 2 0
github.com/DataDog/pup/cmd/logs_simple.go:826.24,828.3 1 0
github.com/DataDog/pup/cmd/logs_simple.go:833.2,839.16 3 0
github.com/DataDog/pup/cmd/logs_simple.go:839.16,840.32 1 0
github.com/DataDog/pup/cmd/logs_simple.go:840.32,842.44 2 0
github.com/DataDog/pup/cmd/logs_simple.go:842.44,851.5 3 0
github.com/DataDog/pup/cmd/logs_simple.go:852.4,852.82 1 0
github.com/DataDog/pup/cmd/logs_simple.go:854.3,854.54 1 0
github.com/DataDog/pup/cmd/logs_simple.go:858.2,862.48 3 0
github.com/DataDog/pup/cmd/logs_simple.go:862.48,864.25 2 0
github.com/DataDog/pup/cmd/logs_simple.go:864.25,865.9 1 0
github.com/DataDog/pup/cmd/logs_simple.go:867.3,868.25 2 0
github.com/DataDog/pup/cmd/logs_simple.go:868.25,869.9 1 0
github.com/DataDog/pup/cmd/logs_simple.go:871.3,872.44 2 0
github.com/DataDog/pup/cmd/logs_simple.go:872.44,873.9 1 0
github.com/DataDog/pup/cmd/logs_simple.go:876.3,877.21 2 0
github.com/DataDog/pup/cmd/logs_simple.go:877.21,878.9 1 0
github.com/DataDog/pup/cmd/logs_simple.go:880.3,881.29 2 0
github.com/DataDog/pup/cmd/logs_simple.go:881.29,883.4 1 0
github.com/DataDog/pup/cmd/logs_simple.go:884.3,887.17 4 0
github.com/DataDog/pup/cmd/logs_simple.go:887.17,889.9 2 0
github.com/DataDog/pup/cmd/logs_simple.go:892.3,893.14 2 0
github.com/DataDog/pup/cmd/logs_simple.go:896.2,896.47 1 0
github.com/DataDog/pup/cmd/logs_simple.go:896.47,898.3 1 0
github.com/DataDog/pup/cmd/logs_simple.go:901.2,901.23 1 0
github.com/DataDog/pup/cmd/logs_simple.go:901.23,909.3 7 0
github.com/DataDog/pup/cmd/logs_simple.go:911.2,912.19 2 0
github.com/DataDog/pup/cmd/logs_simple.go:912.19,915.3 2 0
github.com/DataDog/pup/cmd/logs_simple.go:917.2,918.16 2 0
github.com/DataDog/pup/cmd/logs_simple.go:918.16,920.3 1 0
github.com/DataDog/pup/cmd/logs_simple.go:922.2,923.12 2 0
github.com/DataDog/pup/cmd/logs_simple.go:926.59,929.16 2 1
github.com/DataDog/pup/cmd/logs_simple.go:929.16,931.3 1 0
github.com/DataDog/pup/cmd/logs_simple.go:933.2,934.16 2 1
github.com/DataDog/pup/cmd/logs_simple.go:934.16,936.3 1 0
github.com/DataDog/pup/cmd/logs_simple.go:938.2,939.16 2 1
github.com/DataDog/pup/cmd/logs_simple.go:939.16,941.3 1 0
github.com/DataDog/pup/cmd/logs_simple.go:943.2,944.16 2 1
github.com/DataDog/pup/cmd/logs_simple.go:944.16,946.3 1 1
github.com/DataDog/pup/cmd/logs_simple.go:948.2,971.24 8 0
github.com/DataDog/pup/cmd/logs_simple.go:971.24,973.3 1 0
github.com/DataDog/pup/cmd/logs_simple.go:975.2,976.16 2 0
github.com/DataDog/pup/cmd/logs_simple.go:976.16,977.32 1 0
github.com/DataDog/pup/cmd/logs_simple.go:977.32,979.44 2 0
github.com/DataDog/pup/cmd/logs_simple.go:979.44,981.5 1 0
github.com/DataDog/pup/cmd/logs_simple.go:982.4,982.80 1 0
github.com/DataDog/pup/cmd/logs_simple.go:984.3,984.52 1 0
github.com/DataDog/pup/cmd/logs_simple.go:987.2,988.16 2 0
github.com/DataDog/pup/cmd/logs_simple.go:988.16,990.3 1 0
github.com/DataDog/pup/cmd/logs_simple.go:992.2,993.12 2 0
github.com/DataDog/pup/cmd/logs_simple.go:996.60,999.16 2 1
github.com/DataDog/pup/cmd/logs_simple.go:999.16,1001.3 1 1
github.com/DataDog/pup/cmd/logs_simple.go:1003.2,1004.16 2 1
github.com/DataDog/pup/cmd/logs_simple.go:1004.16,1006.3 1 0
github.com/DataDog/pup/cmd/logs_simple.go:1008.2,1009.16 2 1
github.com/DataDog/pup/cmd/logs_simple.go:1009.16,1011.3 1 0
github.com/DataDog/pup/cmd/logs_simple.go:1013.2,1014.16 2 1
github.com/DataDog/pup/cmd/logs_simple.go:1014.16,1016.3 1 1
github.com/DataDog/pup/cmd/logs_simple.go:1018.2,1039.24 8 0
github.com/DataDog/pup/cmd/logs_simple.go:1039.24,1041.3 1 0
github.com/DataDog/pup/cmd/logs_simple.go:1043.2,1048.16 3 0
github.com/DataDog/pup/cmd/logs_simple.go:1048.16,1049.32 1 0
github.com/DataDog/pup/cmd/logs_simple.go:1049.32,1051.44 2 0
github.com/DataDog/pup/cmd/logs_simple.go:1051.44,1053.5 1 0
github.com/DataDog/pup/cmd/logs_simple.go:1054.4,1054.81 1 0
github.com/DataDog/pup/cmd/logs_simple.go:1056.3,1056.53 1 0
github.com/DataDog/pup/cmd/logs_simple.go:1059.2,1060.16 2 0
github.com/DataDog/pup/cmd/logs_simple.go:1060.16,1062.3 1 0
github.com/DataDog/pup/cmd/logs_simple.go:1064.2,1065.12 2 0
github.com/DataDog/pup/cmd/logs_simple.go:1068.64,1071.16 2 1
github.com/DataDog/pup/cmd/logs_simple.go:1071.16,1073.3 1 0
github.com/DataDog/pup/cmd/logs_simple.go:1075.2,1076.16 2 1
github.com/DataDog/pup/cmd/logs_simple.go:1076.16,1078.3 1 0
github.com/DataDog/pup/cmd/logs_simple.go:1080.2,1081.16 2 1
github.com/DataDog/pup/cmd/logs_simple.go:1081.16,1083.3 1 0
github.com/DataDog/pup/cmd/logs_simple.go:1086.2,1087.16 2 1
github.com/DataDog/pup/cmd/logs_simple.go:1087.16,1089.3 1 0
github.com/DataDog/pup/cmd/logs_simple.go:1091.2,1092.16 2 1
github.com/DataDog/pup/cmd/logs_simple.go:1092.16,1094.3 1 1
github.com/DataDog/pup/cmd/logs_simple.go:1096.2,1104.18 3 0
github.com/DataDog/pup/cmd/logs_simple.go:1104.18,1106.3 1 0
github.com/DataDog/pup/cmd/logs_simple.go:1108.2,1122.24 5 0
github.com/DataDog/pup/cmd/logs_simple.go:1122.24,1124.3 1 0
github.com/DataDog/pup/cmd/logs_simple.go:1127.2,1127.23 1 0
github.com/DataDog/pup/cmd/logs_simple.go:1127.23,1135.3 2 0
github.com/DataDog/pup/cmd/logs_simple.go:1137.2,1138.16 2 0
github.com/DataDog/pup/cmd/logs_simple.go:1138.16,1139.32 1 0
github.com/DataDog/pup/cmd/logs_simple.go:1139.32,1141.44 2 0
github.com/DataDog/pup/cmd/logs_simple.go:1141.44,1152.5 3 0
github.com/DataDog/pup/cmd/logs_simple.go:1153.4,1153.85 1 0
github.com/DataDog/pup/cmd/logs_simple.go:1155.3,1155.57 1 0
github.com/DataDog/pup/cmd/logs_simple.go:1158.2,1159.16 2 0
github.com/DataDog/pup/cmd/logs_simple.go:1159.16,1161.3 1 0
github.com/DataDog/pup/cmd/logs_simple.go:1163.2,1164.12 2 0
github.com/DataDog/pup/cmd/logs_simple.go:1167.67,1169.16 2 1
github.com/DataDog/pup/cmd/logs_simple.go:1169.16,1171.3 1 1
github.com/DataDog/pup/cmd/logs_simple.go:1173.2,1176.16 3 0
github.com/DataDog/pup/cmd/logs_simple.go:1176.16,1177.15 1 0
github.com/DataDog/pup/cmd/logs_simple.go:1177.15,1179.4 1 0
github.com/DataDog/pup/cmd/logs_simple.go:1180.3,1180.60 1 0
github.com/DataDog/pup/cmd/logs_simple.go:1183.2,1184.16 2 0
github.com/DataDog/pup/cmd/logs_simple.go:1184.16,1186.3 1 0
github.com/DataDog/pup/cmd/logs_simple.go:1188.2,1189.12 2 0
github.com/DataDog/pup/cmd/logs_simple.go:1192.66,1194.16 2 1
github.com/DataDog/pup/cmd/logs_simple.go:1194.16,1196.3 1 1
github.com/DataDog/pup/cmd/logs_simple.go:1198.2,1202.16 4 0
github.com/DataDog/pup/cmd/logs_simple.go:1202.16,1203.15 1 0
github.com/DataDog/pup/cmd/logs_simple.go:1203.15,1205.4 1 0
github.com/DataDog/pup/cmd/logs_simple.go:1206.3,1206.58 1 0
github.com/DataDog/pup/cmd/logs_simple.go:1209.2,1210.16 2 0
github.com/DataDog/pup/cmd/logs_simple.go:1210.16,1212.3 1 0
github.com/DataDog/pup/cmd/logs_simple.go:1214.2,1215.12 2 0
github.com/DataDog/pup/cmd/logs_simple.go:1218.69,1220.16 2 1
github.com/DataDog/pup/cmd/logs_simple.go:1220.16,1222.3 1 1
github.com/DataDog/pup/cmd/logs_simple.go:1224.2,1226.22 2 0
github.com/DataDog/pup/cmd/logs_simple.go:1226.22,1232.50 5 0
github.com/DataDog/pup/cmd/logs_simple.go:1232.50,1236.4 2 0
github.com/DataDog/pup/cmd/logs_simple.go:1237.3,1237.41 1 0
github.com/DataDog/pup/cmd/logs_simple.go:1237.41,1240.4 2 0
github.com/DataDog/pup/cmd/logs_simple.go:1243.2,1246.16 3 0
github.com/DataDog/pup/cmd/logs_simple.go:1246.16,1247.15 1 0
github.com/DataDog/pup/cmd/logs_simple.go:1247.15,1249.4 1 0
github.com/DataDog/pup/cmd/logs_simple.go:1250.3,1250.61 1 0
github.com/DataDog/pup/cmd/logs_simple.go:1253.2,1254.12 2 0
github.com/DataDog/pup/cmd/logs_simple.go:1257.77,1259.16 2 1
github.com/DataDog/pup/cmd/logs_simple.go:1259.16,1261.3 1 1
github.com/DataDog/pup/cmd/logs_simple.go:1263.2,1266.16 3 0
github.com/DataDog/pup/cmd/logs_simple.go:1266.16,1267.15 1 0
github.com/DataDog/pup/cmd/logs_simple.go:1267.15,1269.4 1 0
github.com/DataDog/pup/cmd/logs_simple.go:1270.3,1270.67 1 0
github.com/DataDog/pup/cmd/logs_simple.go:1273.2,1274.16 2 0
github.com/DataDog/pup/cmd/logs_simple.go:1274.16,1276.3 1 0
github.com/DataDog/pup/cmd/logs_simple.go:1278.2,1279.12 2 0
github.com/DataDog/pup/cmd/logs_simple.go:1282.76,1284.16 2 1
github.com/DataDog/pup/cmd/logs_simple.go:1284.16,1286.3 1 1
github.com/DataDog/pup/cmd/logs_simple.go:1288.2,1292.16 4 0
github.com/DataDog/pup/cmd/logs_simple.go:1292.16,1293.15 1 0
github.com/DataDog/pup/cmd/logs_simple.go:1293.15,1295.4 1 0
github.com/DataDog/pup/cmd/logs_simple.go:1296.3,1296.65 1 0
github.com/DataDog/pup/cmd/logs_simple.go:1299.2,1300.16 2 0
github.com/DataDog/pup/cmd/logs_simple.go:1300.16,1302.3 1 0
github.com/DataDog/pup/cmd/logs_simple.go:1304.2,1305.12 2 0
github.com/DataDog/pup/cmd/logs_simple.go:1308.66,1310.16 2 1
github.com/DataDog/pup/cmd/logs_simple.go:1310.16,1312.3 1 1
github.com/DataDog/pup/cmd/logs_simple.go:1314.2,1317.16 3 0
github.com/DataDog/pup/cmd/logs_simple.go:1317.16,1318.15 1 0
github.com/DataDog/pup/cmd/logs_simple.go:1318.15,1320.4 1 0
github.com/DataDog/pup/cmd/logs_simple.go:1321.3,1321.65 1 0
github.com/DataDog/pup/cmd/logs_simple.go:1324.2,1325.16 2 0
github.com/DataDog/pup/cmd/logs_simple.go:1325.16,1327.3 1 0
github.com/DataDog/pup/cmd/logs_simple.go:1329.2,1330.12 2 0
github.com/DataDog/pup/cmd/logs_simple.go:1333.65,1335.16 2 1
github.com/DataDog/pup/cmd/logs_simple.go:1335.16,1337.3 1 1
github.com/DataDog/pup/cmd/logs_simple.go:1339.2,1343.16 4 0
github.com/DataDog/pup/cmd/logs_simple.go:1343.16,1344.15 1 0
github.com/DataDog/pup/cmd/logs_simple.go:1344.15,1346.4 1 0
github.com/DataDog/pup/cmd/logs_simple.go:1347.3,1347.63 1 0
github.com/DataDog/pup/cmd/logs_simple.go:1350.2,1351.16 2 0
github.com/DataDog/pup/cmd/logs_simple.go:1351.16,1353.3 1 0
github.com/DataDog/pup/cmd/logs_simple.go:1355.2,1356.12 2 0
github.com/DataDog/pup/cmd/logs_simple.go:1359.68,1361.16 2 1
github.com/DataDog/pup/cmd/logs_simple.go:1361.16,1363.3 1 1
github.com/DataDog/pup/cmd/logs_simple.go:1365.2,1367.22 2 0
github.com/DataDog/pup/cmd/logs_simple.go:1367.22,1372.50 4 0
github.com/DataDog/pup/cmd/logs_simple.go:1372.50,1376.4 2 0
github.com/DataDog/pup/cmd/logs_simple.go:1377.3,1377.41 1 0
github.com/DataDog/pup/cmd/logs_simple.go:1377.41,1380.4 2 0
github.com/DataDog/pup/cmd/logs_simple.go:1383.2,1386.16 3 0
github.com/DataDog/pup/cmd/logs_simple.go:1386.16,1387.15 1 0
github.com/DataDog/pup/cmd/logs_simple.go:1387.15,1389.4 1 0
github.com/DataDog/pup/cmd/logs_simple.go:1390.3,1390.66 1 0
github.com/DataDog/pup/cmd/logs_simple.go:1393.2,1394.12 2 0
github.com/DataDog/pup/cmd/logs_simple.go:1397.77,1400.2 1 1
github.com/DataDog/pup/cmd/logs_simple.go:1402.76,1405.2 1 1
github.com/DataDog/pup/cmd/metrics.go:456.13,461.66 4 1
github.com/DataDog/pup/cmd/metrics.go:461.66,462.64 1 0
github.com/DataDog/pup/cmd/metrics.go:466.2,469.67 4 1
github.com/DataDog/pup/cmd/metrics.go:469.67,470.64 1 0
github.com/DataDog/pup/cmd/metrics.go:474.2,491.66 14 1
github.com/DataDog/pup/cmd/metrics.go:491.66,492.64 1 0
github.com/DataDog/pup/cmd/metrics.go:494.2,494.67 1 1
github.com/DataDog/pup/cmd/metrics.go:494.67,495.64 1 0
github.com/DataDog/pup/cmd/metrics.go:499.2,515.39 11 1
github.com/DataDog/pup/cmd/metrics.go:519.63,521.16 2 1
github.com/DataDog/pup/cmd/metrics.go:521.16,523.3 1 1
github.com/DataDog/pup/cmd/metrics.go:526.2,527.16 2 0
github.com/DataDog/pup/cmd/metrics.go:527.16,529.3 1 0
github.com/DataDog/pup/cmd/metrics.go:531.2,532.16 2 0
github.com/DataDog/pup/cmd/metrics.go:532.16,534.3 1 0
github.com/DataDog/pup/cmd/metrics.go:537.2,560.16 4 0
github.com/DataDog/pup/cmd/metrics.go:560.16,561.32 1 0
github.com/DataDog/pup/cmd/metrics.go:561.32,563.44 2 0
github.com/DataDog/pup/cmd/metrics.go:563.44,569.5 1 0
github.com/DataDog/pup/cmd/metrics.go:570.4,570.84 1 0
github.com/DataDog/pup/cmd/metrics.go:572.3,572.56 1 0
github.com/DataDog/pup/cmd/metrics.go:575.2,576.16 2 0
github.com/DataDog/pup/cmd/metrics.go:576.16,578.3 1 0
github.com/DataDog/pup/cmd/metrics.go:580.2,581.12 2 0
github.com/DataDog/pup/cmd/metrics.go:585.64,587.16 2 1
github.com/DataDog/pup/cmd/metrics.go:587.16,589.3 1 1
github.com/DataDog/pup/cmd/metrics.go:592.2,593.16 2 0
github.com/DataDog/pup/cmd/metrics.go:593.16,595.3 1 0
github.com/DataDog/pup/cmd/metrics.go:597.2,598.16 2 0
github.com/DataDog/pup/cmd/metrics.go:598.16,600.3 1 0
github.com/DataDog/pup/cmd/metrics.go:602.2,605.16 3 0
github.com/DataDog/pup/cmd/metrics.go:605.16,606.32 1 0
github.com/DataDog/pup/cmd/metrics.go:606.32,608.44 2 0
github.com/DataDog/pup/cmd/metrics.go:608.44,611.5 1 0
github.com/DataDog/pup/cmd/metrics.go:612.4,612.85 1 0
github.com/DataDog/pup/cmd/metrics.go:614.3,614.57 1 0
github.com/DataDog/pup/cmd/metrics.go:617.2,618.16 2 0
github.com/DataDog/pup/cmd/metrics.go:618.16,620.3 1 0
github.com/DataDog/pup/cmd/metrics.go:622.2,623.12 2 0
github.com/DataDog/pup/cmd/metrics.go:627.62,629.16 2 1
github.com/DataDog/pup/cmd/metrics.go:629.16,631.3 1 1
github.com/DataDog/pup/cmd/metrics.go:633.2,639.25 4 0
github.com/DataDog/pup/cmd/metrics.go:639.25,641.3 1 0
github.com/DataDog/pup/cmd/metrics.go:643.2,644.16 2 0
github.com/DataDog/pup/cmd/metrics.go:644.16,645.32 1 0
github.com/DataDog/pup/cmd/metrics.go:645.32,647.44 2 0
github.com/DataDog/pup/cmd/metrics.go:647.44,652.5 1 0
github.com/DataDog/pup/cmd/metrics.go:653.4,653.83 1 0
github.com/DataDog/pup/cmd/metrics.go:655.3,655.55 1 0
github.com/DataDog/pup/cmd/metrics.go:658.2,659.16 2 0
github.com/DataDog/pup/cmd/metrics.go:659.16,661.3 1 0
github.com/DataDog/pup/cmd/metrics.go:663.2,664.12 2 0
github.com/DataDog/pup/cmd/metrics.go:668.69,670.16 2 1
github.com/DataDog/pup/cmd/metrics.go:670.16,672.3 1 1
github.com/DataDog/pup/cmd/metrics.go:674.2,678.16 4 0
github.com/DataDog/pup/cmd/metrics.go:678.16,679.32 1 0
github.com/DataDog/pup/cmd/metrics.go:679.32,681.44 2 0
github.com/DataDog/pup/cmd/metrics.go:681.44,684.5 1 0
github.com/DataDog/pup/cmd/metrics.go:685.4,685.90 1 0
github.com/DataDog/pup/cmd/metrics.go:687.3,687.62 1 0
github.com/DataDog/pup/cmd/metrics.go:690.2,691.16 2 0
github.com/DataDog/pup/cmd/metrics.go:691.16,693.3 1 0
github.com/DataDog/pup/cmd/metrics.go:695.2,696.12 2 0
github.com/DataDog/pup/cmd/metrics.go:700.72,702.16 2 1
github.com/DataDog/pup/cmd/metrics.go:702.16,704.3 1 1
github.com/DataDog/pup/cmd/metrics.go:706.2,712.31 4 0
github.com/DataDog/pup/cmd/metrics.go:712.31,714.3 1 0
github.com/DataDog/pup/cmd/metrics.go:715.2,715.24 1 0
github.com/DataDog/pup/cmd/metrics.go:715.24,717.3 1 0
github.com/DataDog/pup/cmd/metrics.go:718.2,718.24 1 0
github.com/DataDog/pup/cmd/metrics.go:718.24,720.3 1 0
github.com/DataDog/pup/cmd/metrics.go:721.2,721.27 1 0
github.com/DataDog/pup/cmd/metrics.go:721.27,723.3 1 0
github.com/DataDog/pup/cmd/metrics.go:724.2,724.29 1 0
github.com/DataDog/pup/cmd/metrics.go:724.29,726.3 1 0
github.com/DataDog/pup/cmd/metrics.go:729.2,729.112 1 0
github.com/DataDog/pup/cmd/metrics.go:729.112,731.3 1 0
github.com/DataDog/pup/cmd/metrics.go:733.2,734.16 2 0
github.com/DataDog/pup/cmd/metrics.go:734.16,735.32 1 0
github.com/DataDog/pup/cmd/metrics.go:735.32,737.44 2 0
github.com/DataDog/pup/cmd/metrics.go:737.44,740.5 1 0
github.com/DataDog/pup/cmd/metrics.go:741.4,741.93 1 0
github.com/DataDog/pup/cmd/metrics.go:743.3,743.65 1 0
github.com/DataDog/pup/cmd/metrics.go:746.2,747.16 2 0
github.com/DataDog/pup/cmd/metrics.go:747.16,749.3 1 0
github.com/DataDog/pup/cmd/metrics.go:751.2,752.12 2 0
github.com/DataDog/pup/cmd/metrics.go:756.64,758.16 2 1
github.com/DataDog/pup/cmd/metrics.go:758.16,760.3 1 1
github.com/DataDog/pup/cmd/metrics.go:763.2,764.30 2 0
github.com/DataDog/pup/cmd/metrics.go:764.30,766.3 1 0
github.com/DataDog/pup/cmd/metrics.go:766.8,768.17 2 0
github.com/DataDog/pup/cmd/metrics.go:768.17,770.4 1 0
github.com/DataDog/pup/cmd/metrics.go:771.3,771.17 1 0
github.com/DataDog/pup/cmd/metrics.go:775.2,776.22 2 0
github.com/DataDog/pup/cmd/metrics.go:776.22,779.23 2 0
github.com/DataDog/pup/cmd/metrics.go:779.23,781.4 1 0
github.com/DataDog/pup/cmd/metrics.go:785.2,786.37 2 0
github.com/DataDog/pup/cmd/metrics.go:787.15,788.48 1 0
github.com/DataDog/pup/cmd/metrics.go:789.15,790.48 1 0
github.com/DataDog/pup/cmd/metrics.go:791.14,792.47 1 0
github.com/DataDog/pup/cmd/metrics.go:793.10,794.91 1 0
github.com/DataDog/pup/cmd/metrics.go:798.2,818.19 5 0
github.com/DataDog/pup/cmd/metrics.go:818.19,820.3 1 0
github.com/DataDog/pup/cmd/metrics.go:822.2,822.24 1 0
github.com/DataDog/pup/cmd/metrics.go:822.24,824.3 1 0
github.com/DataDog/pup/cmd/metrics.go:826.2,834.16 4 0
github.com/DataDog/pup/cmd/metrics.go:834.16,835.32 1 0
github.com/DataDog/pup/cmd/metrics.go:835.32,837.44 2 0
github.com/DataDog/pup/cmd/metrics.go:837.44,841.5 1 0
github.com/DataDog/pup/cmd/metrics.go:842.4,842.85 1 0
github.com/DataDog/pup/cmd/metrics.go:844.3,844.57 1 0
github.com/DataDog/pup/cmd/metrics.go:847.2,848.16 2 0
github.com/DataDog/pup/cmd/metrics.go:848.16,850.3 1 0
github.com/DataDog/pup/cmd/metrics.go:852.2,853.12 2 0
github.com/DataDog/pup/cmd/metrics.go:857.66,860.2 1 1
github.com/DataDog/pup/cmd/metrics.go:863.56,865.39 1 1
github.com/DataDog/pup/cmd/metrics.go:865.39,867.3 1 1
github.com/DataDog/pup/cmd/metrics.go:870.2,870.69 1 1
github.com/DataDog/pup/cmd/metrics.go:870.69,872.3 1 1
github.com/DataDog/pup/cmd/metrics.go:875.2,875.22 1 1
github.com/DataDog/pup/cmd/metrics.go:875.22,877.3 1 1
github.com/DataDog/pup/cmd/metrics.go:879.2,883.16 4 1
github.com/DataDog/pup/cmd/metrics.go:883.16,885.3 1 1
github.com/DataDog/pup/cmd/metrics.go:887.2,890.31 3 1
github.com/DataDog/pup/cmd/metrics.go:891.11,892.48 1 0
github.com/DataDog/pup/cmd/metrics.go:893.11,894.48 1 1
github.com/DataDog/pup/cmd/metrics.go:895.11,896.46 1 1
github.com/DataDog/pup/cmd/metrics.go:897.11,898.51 1 1
github.com/DataDog/pup/cmd/metrics.go:899.11,900.55 1 1
github.com/DataDog/pup/cmd/metrics.go:901.10,902.87 1 1
github.com/DataDog/pup/cmd/metrics.go:905.2,905.32 1 1
github.com/DataDog/pup/cmd/miscellaneous.go:50.13,52.2 1 1
github.com/DataDog/pup/cmd/miscellaneous.go:54.63,56.16 2 1
github.com/DataDog/pup/cmd/miscellaneous.go:56.16,58.3 1 1
github.com/DataDog/pup/cmd/miscellaneous.go:60.2,62.16 3 0
github.com/DataDog/pup/cmd/miscellaneous.go:62.16,63.15 1 0
github.com/DataDog/pup/cmd/miscellaneous.go:63.15,65.4 1 0
github.com/DataDog/pup/cmd/miscellaneous.go:66.3,66.56 1 0
github.com/DataDog/pup/cmd/miscellaneous.go:69.2,70.16 2 0
github.com/DataDog/pup/cmd/miscellaneous.go:70.16,72.3 1 0
github.com/DataDog/pup/cmd/miscellaneous.go:73.2,74.12 2 0
github.com/DataDog/pup/cmd/miscellaneous.go:77.61,84.16 3 1
github.com/DataDog/pup/cmd/miscellaneous.go:84.16,86.3 1 0
github.com/DataDog/pup/cmd/miscellaneous.go:87.2,88.12 2 1
github.com/DataDog/pup/cmd/monitors.go:251.13,267.2 8 1
github.com/DataDog/pup/cmd/monitors.go:269.63,271.16 2 1
github.com/DataDog/pup/cmd/monitors.go:271.16,273.3 1 1
github.com/DataDog/pup/cmd/monitors.go:275.2,278.23 3 0
github.com/DataDog/pup/cmd/monitors.go:278.23,280.3 1 0
github.com/DataDog/pup/cmd/monitors.go:281.2,281.23 1 0
github.com/DataDog/pup/cmd/monitors.go:281.23,283.3 1 0
github.com/DataDog/pup/cmd/monitors.go:287.2,287.25 1 0
github.com/DataDog/pup/cmd/monitors.go:287.25,289.3 1 0
github.com/DataDog/pup/cmd/monitors.go:290.2,290.22 1 0
github.com/DataDog/pup/cmd/monitors.go:290.22,292.3 1 0
github.com/DataDog/pup/cmd/monitors.go:295.2,299.16 4 0
github.com/DataDog/pup/cmd/monitors.go:299.16,301.3 1 0
github.com/DataDog/pup/cmd/monitors.go:304.2,304.20 1 0
github.com/DataDog/pup/cmd/monitors.go:304.20,306.45 2 0
github.com/DataDog/pup/cmd/monitors.go:306.45,308.4 1 0
github.com/DataDog/pup/cmd/monitors.go:309.3,309.13 1 0
github.com/DataDog/pup/cmd/monitors.go:314.2,315.35 2 0
github.com/DataDog/pup/cmd/monitors.go:315.35,317.3 1 0
github.com/DataDog/pup/cmd/monitors.go:320.2,323.16 3 0
github.com/DataDog/pup/cmd/monitors.go:323.16,325.3 1 0
github.com/DataDog/pup/cmd/monitors.go:327.2,330.39 2 0
github.com/DataDog/pup/cmd/monitors.go:330.39,332.3 1 0
github.com/DataDog/pup/cmd/monitors.go:334.2,334.12 1 0
github.com/DataDog/pup/cmd/monitors.go:337.62,339.16 2 1
github.com/DataDog/pup/cmd/monitors.go:339.16,341.3 1 1
github.com/DataDog/pup/cmd/monitors.go:343.2,347.16 4 0
github.com/DataDog/pup/cmd/monitors.go:347.16,349.3 1 0
github.com/DataDog/pup/cmd/monitors.go:351.2,352.16 2 0
github.com/DataDog/pup/cmd/monitors.go:352.16,354.3 1 0
github.com/DataDog/pup/cmd/monitors.go:356.2,357.12 2 0
github.com/DataDog/pup/cmd/monitors.go:360.65,362.16 2 1
github.com/DataDog/pup/cmd/monitors.go:362.16,364.3 1 1
github.com/DataDog/pup/cmd/monitors.go:366.2,369.22 2 0
github.com/DataDog/pup/cmd/monitors.go:369.22,374.17 4 0
github.com/DataDog/pup/cmd/monitors.go:374.17,378.4 2 0
github.com/DataDog/pup/cmd/monitors.go:379.3,379.41 1 0
github.com/DataDog/pup/cmd/monitors.go:379.41,382.4 2 0
github.com/DataDog/pup/cmd/monitors.go:385.2,388.16 3 0
github.com/DataDog/pup/cmd/monitors.go:388.16,390.3 1 0
github.com/DataDog/pup/cmd/monitors.go:392.2,393.16 2 0
github.com/DataDog/pup/cmd/monitors.go:393.16,395.3 1 0
github.com/DataDog/pup/cmd/monitors.go:397.2,398.12 2 0
github.com/DataDog/pup/cmd/monitors.go:401.65,403.16 2 0
github.com/DataDog/pup/cmd/monitors.go:403.16,405.3 1 0
github.com/DataDog/pup/cmd/monitors.go:407.2,410.23 3 0
github.com/DataDog/pup/cmd/monitors.go:410.23,412.3 1 0
github.com/DataDog/pup/cmd/monitors.go:413.2,413.20 1 0
github.com/DataDog/pup/cmd/monitors.go:413.20,415.3 1 0
github.com/DataDog/pup/cmd/monitors.go:416.2,416.23 1 0
github.com/DataDog/pup/cmd/monitors.go:416.23,418.3 1 0
github.com/DataDog/pup/cmd/monitors.go:419.2,419.22 1 0
github.com/DataDog/pup/cmd/monitors.go:419.22,421.3 1 0
github.com/DataDog/pup/cmd/monitors.go:423.2,424.16 2 0
github.com/DataDog/pup/cmd/monitors.go:424.16,426.3 1 0
github.com/DataDog/pup/cmd/monitors.go:428.2,429.16 2 0
github.com/DataDog/pup/cmd/monitors.go:429.16,431.3 1 0
github.com/DataDog/pup/cmd/monitors.go:433.2,434.12 2 0
github.com/DataDog/pup/cmd/network.go:62.13,66.2 3 1
github.com/DataDog/pup/cmd/network.go:68.67,77.16 3 0
github.com/DataDog/pup/cmd/network.go:77.16,79.3 1 0
github.com/DataDog/pup/cmd/network.go:80.2,81.12 2 0
github.com/DataDog/pup/cmd/network.go:84.69,93.16 3 0
github.com/DataDog/pup/cmd/network.go:93.16,95.3 1 0
github.com/DataDog/pup/cmd/network.go:96.2,97.12 2 0
github.com/DataDog/pup/cmd/notebooks.go:62.13,64.2 1 1
github.com/DataDog/pup/cmd/notebooks.go:66.64,68.16 2 0
github.com/DataDog/pup/cmd/notebooks.go:68.16,70.3 1 0
github.com/DataDog/pup/cmd/notebooks.go:72.2,74.16 3 0
github.com/DataDog/pup/cmd/notebooks.go:74.16,75.15 1 0
github.com/DataDog/pup/cmd/notebooks.go:75.15,77.4 1 0
github.com/DataDog/pup/cmd/notebooks.go:78.3,78.57 1 0
github.com/DataDog/pup/cmd/notebooks.go:81.2,82.16 2 0
github.com/DataDog/pup/cmd/notebooks.go:82.16,84.3 1 0
github.com/DataDog/pup/cmd/notebooks.go:85.2,86.12 2 0
github.com/DataDog/pup/cmd/notebooks.go:89.63,91.16 2 0
github.com/DataDog/pup/cmd/notebooks.go:91.16,93.3 1 0
github.com/DataDog/pup/cmd/notebooks.go:95.2,98.16 4 0
github.com/DataDog/pup/cmd/notebooks.go:98.16,99.15 1 0
github.com/DataDog/pup/cmd/notebooks.go:99.15,101.4 1 0
github.com/DataDog/pup/cmd/notebooks.go:102.3,102.55 1 0
github.com/DataDog/pup/cmd/notebooks.go:105.2,106.16 2 0
github.com/DataDog/pup/cmd/notebooks.go:106.16,108.3 1 0
github.com/DataDog/pup/cmd/notebooks.go:109.2,110.12 2 0
github.com/DataDog/pup/cmd/notebooks.go:113.66,115.16 2 0
github.com/DataDog/pup/cmd/notebooks.go:115.16,117.3 1 0
github.com/DataDog/pup/cmd/notebooks.go:119.2,120.22 2 0
github.com/DataDog/pup/cmd/notebooks.go:120.22,124.50 4 0
github.com/DataDog/pup/cmd/notebooks.go:124.50,128.4 2 0
github.com/DataDog/pup/cmd/notebooks.go:129.3,129.41 1 0
github.com/DataDog/pup/cmd/notebooks.go:129.41,132.4 2 0
github.com/DataDog/pup/cmd/notebooks.go:135.2,137.16 3 0
github.com/DataDog/pup/cmd/notebooks.go:137.16,138.15 1 0
github.com/DataDog/pup/cmd/notebooks.go:138.15,140.4 1 0
github.com/DataDog/pup/cmd/notebooks.go:141.3,141.58 1 0
github.com/DataDog/pup/cmd/notebooks.go:144.2,145.12 2 0
github.com/DataDog/pup/cmd/obs_pipelines.go:53.13,55.2 1 1
github.com/DataDog/pup/cmd/obs_pipelines.go:57.67,66.16 3 0
github.com/DataDog/pup/cmd/obs_pipelines.go:66.16,68.3 1 0
github.com/DataDog/pup/cmd/obs_pipelines.go:69.2,70.12 2 0
github.com/DataDog/pup/cmd/obs_pipelines.go:73.66,86.16 4 0
github.com/DataDog/pup/cmd/obs_pipelines.go:86.16,88.3 1 0
github.com/DataDog/pup/cmd/obs_pipelines.go:89.2,90.12 2 0
github.com/DataDog/pup/cmd/on_call.go:250.13,301.2 25 1
github.com/DataDog/pup/cmd/on_call.go:303.66,305.16 2 0
github.com/DataDog/pup/cmd/on_call.go:305.16,307.3 1 0
github.com/DataDog/pup/cmd/on_call.go:309.2,311.16 3 0
github.com/DataDog/pup/cmd/on_call.go:311.16,313.3 1 0
github.com/DataDog/pup/cmd/on_call.go:315.2,316.16 2 0
github.com/DataDog/pup/cmd/on_call.go:316.16,318.3 1 0
github.com/DataDog/pup/cmd/on_call.go:319.2,320.12 2 0
github.com/DataDog/pup/cmd/on_call.go:323.65,325.16 2 0
github.com/DataDog/pup/cmd/on_call.go:325.16,327.3 1 0
github.com/DataDog/pup/cmd/on_call.go:329.2,332.16 4 0
github.com/DataDog/pup/cmd/on_call.go:332.16,334.3 1 0
github.com/DataDog/pup/cmd/on_call.go:336.2,337.16 2 0
github.com/DataDog/pup/cmd/on_call.go:337.16,339.3 1 0
github.com/DataDog/pup/cmd/on_call.go:340.2,341.12 2 0
github.com/DataDog/pup/cmd/on_call.go:344.68,346.16 2 0
github.com/DataDog/pup/cmd/on_call.go:346.16,348.3 1 0
github.com/DataDog/pup/cmd/on_call.go:351.2,353.27 2 0
github.com/DataDog/pup/cmd/on_call.go:353.27,355.3 1 0
github.com/DataDog/pup/cmd/on_call.go:356.2,356.22 1 0
github.com/DataDog/pup/cmd/on_call.go:356.22,358.3 1 0
[...]
github.com/DataDog/pup/pkg/auth/storage/storage.go:154.16,155.25 1 1
github.com/DataDog/pup/pkg/auth/storage/storage.go:155.25,157.4 1 1
github.com/DataDog/pup/pkg/auth/storage/storage.go:158.3,158.64 1 0
github.com/DataDog/pup/pkg/auth/storage/storage.go:161.2,162.53 2 1
github.com/DataDog/pup/pkg/auth/storage/storage.go:162.53,164.3 1 1
github.com/DataDog/pup/pkg/auth/storage/storage.go:166.2,166.20 1 1
github.com/DataDog/pup/pkg/auth/storage/storage.go:170.66,172.67 2 1
github.com/DataDog/pup/pkg/auth/storage/storage.go:172.67,174.3 1 0
github.com/DataDog/pup/pkg/auth/storage/storage.go:175.2,175.12 1 1
github.com/DataDog/pup/pkg/auth/storage/storage.go:179.39,182.25 2 1
github.com/DataDog/pup/pkg/auth/storage/storage.go:182.25,183.81 1 1
github.com/DataDog/pup/pkg/auth/storage/storage.go:183.81,185.4 1 1
github.com/DataDog/pup/pkg/auth/storage/storage.go:185.9,187.4 1 1
github.com/DataDog/pup/pkg/auth/storage/storage.go:189.2,189.13 1 1
github.com/DataDog/pup/pkg/util/time.go:20.56,22.22 1 1
github.com/DataDog/pup/pkg/util/time.go:22.22,24.3 1 1
github.com/DataDog/pup/pkg/util/time.go:27.2,27.65 1 1
github.com/DataDog/pup/pkg/util/time.go:27.65,29.17 2 1
github.com/DataDog/pup/pkg/util/time.go:29.17,31.4 1 1
github.com/DataDog/pup/pkg/util/time.go:35.2,37.23 3 1
github.com/DataDog/pup/pkg/util/time.go:37.23,39.17 2 1
github.com/DataDog/pup/pkg/util/time.go:39.17,41.4 1 0
github.com/DataDog/pup/pkg/util/time.go:43.3,46.15 3 1
github.com/DataDog/pup/pkg/util/time.go:47.12,48.49 1 1
github.com/DataDog/pup/pkg/util/time.go:49.12,50.49 1 1
github.com/DataDog/pup/pkg/util/time.go:51.12,52.47 1 1
github.com/DataDog/pup/pkg/util/time.go:53.12,54.52 1 1
github.com/DataDog/pup/pkg/util/time.go:57.3,57.40 1 1
github.com/DataDog/pup/pkg/util/time.go:61.2,62.16 2 1
github.com/DataDog/pup/pkg/util/time.go:62.16,64.3 1 1
github.com/DataDog/pup/pkg/util/time.go:66.2,66.68 1 1
github.com/DataDog/pup/pkg/util/time.go:70.53,72.16 2 1
github.com/DataDog/pup/pkg/util/time.go:72.16,74.3 1 1
github.com/DataDog/pup/pkg/util/time.go:75.2,75.22 1 1
github.com/DataDog/pup/pkg/util/time.go:79.58,81.16 2 1
github.com/DataDog/pup/pkg/util/time.go:81.16,83.3 1 1
github.com/DataDog/pup/pkg/util/time.go:84.2,84.27 1 1
github.com/DataDog/pup/pkg/config/alias.go:26.38,28.2 1 1
github.com/DataDog/pup/pkg/config/alias.go:31.45,33.16 2 1
github.com/DataDog/pup/pkg/config/alias.go:33.16,35.3 1 0
github.com/DataDog/pup/pkg/config/alias.go:36.2,36.65 1 1
github.com/DataDog/pup/pkg/config/alias.go:40.47,42.16 2 1
github.com/DataDog/pup/pkg/config/alias.go:42.16,44.3 1 1
github.com/DataDog/pup/pkg/config/alias.go:47.2,47.55 1 1
github.com/DataDog/pup/pkg/config/alias.go:47.55,49.3 1 1
github.com/DataDog/pup/pkg/config/alias.go:51.2,52.16 2 1
github.com/DataDog/pup/pkg/config/alias.go:52.16,54.3 1 1
github.com/DataDog/pup/pkg/config/alias.go:56.2,57.54 2 1
github.com/DataDog/pup/pkg/config/alias.go:57.54,59.3 1 0
github.com/DataDog/pup/pkg/config/alias.go:61.2,61.27 1 1
github.com/DataDog/pup/pkg/config/alias.go:61.27,63.3 1 0
github.com/DataDog/pup/pkg/config/alias.go:65.2,65.28 1 1
github.com/DataDog/pup/pkg/config/alias.go:69.51,71.16 2 1
github.com/DataDog/pup/pkg/config/alias.go:71.16,73.3 1 1
github.com/DataDog/pup/pkg/config/alias.go:76.2,77.53 2 1
github.com/DataDog/pup/pkg/config/alias.go:77.53,79.3 1 1
github.com/DataDog/pup/pkg/config/alias.go:81.2,86.16 3 1
github.com/DataDog/pup/pkg/config/alias.go:86.16,88.3 1 0
github.com/DataDog/pup/pkg/config/alias.go:90.2,90.61 1 1
github.com/DataDog/pup/pkg/config/alias.go:90.61,92.3 1 1
github.com/DataDog/pup/pkg/config/alias.go:94.2,94.12 1 1
github.com/DataDog/pup/pkg/config/alias.go:98.44,100.16 2 1
github.com/DataDog/pup/pkg/config/alias.go:100.16,102.3 1 1
github.com/DataDog/pup/pkg/config/alias.go:104.2,105.9 2 1
github.com/DataDog/pup/pkg/config/alias.go:105.9,107.3 1 1
github.com/DataDog/pup/pkg/config/alias.go:109.2,109.21 1 1
github.com/DataDog/pup/pkg/config/alias.go:113.43,115.16 2 1
github.com/DataDog/pup/pkg/config/alias.go:115.16,117.3 1 1
github.com/DataDog/pup/pkg/config/alias.go:119.2,120.29 2 1
github.com/DataDog/pup/pkg/config/alias.go:124.37,126.16 2 1
github.com/DataDog/pup/pkg/config/alias.go:126.16,128.3 1 1
github.com/DataDog/pup/pkg/config/alias.go:130.2,130.33 1 1
github.com/DataDog/pup/pkg/config/alias.go:130.33,132.3 1 1
github.com/DataDog/pup/pkg/config/alias.go:134.2,135.29 2 1
github.com/DataDog/pup/pkg/config/alias.go:139.43,141.16 2 1
github.com/DataDog/pup/pkg/config/alias.go:141.16,143.3 1 1
github.com/DataDog/pup/pkg/config/alias.go:145.2,146.60 2 1
github.com/DataDog/pup/pkg/config/alias.go:146.60,148.3 1 1
github.com/DataDog/pup/pkg/config/alias.go:151.2,152.16 2 1
github.com/DataDog/pup/pkg/config/alias.go:152.16,154.3 1 1
github.com/DataDog/pup/pkg/config/alias.go:157.2,157.50 1 1
github.com/DataDog/pup/pkg/config/alias.go:157.50,159.3 1 1
github.com/DataDog/pup/pkg/config/alias.go:161.2,161.29 1 1
github.com/DataDog/pup/pkg/config/config.go:22.30,31.2 2 1
github.com/DataDog/pup/pkg/config/config.go:36.35,37.18 1 1
github.com/DataDog/pup/pkg/config/config.go:37.18,39.3 1 1
github.com/DataDog/pup/pkg/config/config.go:40.2,40.12 1 1
github.com/DataDog/pup/pkg/config/config.go:44.37,46.2 1 1
github.com/DataDog/pup/pkg/config/config.go:49.57,50.42 1 1
github.com/DataDog/pup/pkg/config/config.go:50.42,52.3 1 1
github.com/DataDog/pup/pkg/config/config.go:53.2,53.21 1 1
github.com/DataDog/pup/pkg/useragent/useragent.go:32.19,41.41 2 1
github.com/DataDog/pup/pkg/useragent/useragent.go:41.41,43.3 1 1
github.com/DataDog/pup/pkg/useragent/useragent.go:44.2,44.19 1 1
github.com/DataDog/pup/pkg/useragent/useragent.go:49.27,51.71 1 1
github.com/DataDog/pup/pkg/useragent/useragent.go:51.71,53.3 1 1
github.com/DataDog/pup/pkg/useragent/useragent.go:56.2,57.49 2 1
github.com/DataDog/pup/pkg/useragent/useragent.go:57.49,59.3 1 1
github.com/DataDog/pup/pkg/useragent/useragent.go:61.2,61.11 1 1
github.com/DataDog/pup/pkg/formatter/formatter.go:31.74,32.16 1 1
github.com/DataDog/pup/pkg/formatter/formatter.go:33.18,34.22 1 1
github.com/DataDog/pup/pkg/formatter/formatter.go:35.19,36.23 1 1
github.com/DataDog/pup/pkg/formatter/formatter.go:37.18,38.22 1 1
github.com/DataDog/pup/pkg/formatter/formatter.go:39.10,40.22 1 1
github.com/DataDog/pup/pkg/formatter/formatter.go:45.47,47.16 2 1
github.com/DataDog/pup/pkg/formatter/formatter.go:47.16,49.3 1 1
github.com/DataDog/pup/pkg/formatter/formatter.go:50.2,50.27 1 1
github.com/DataDog/pup/pkg/formatter/formatter.go:54.48,55.17 1 1
github.com/DataDog/pup/pkg/formatter/formatter.go:55.17,57.3 1 1
github.com/DataDog/pup/pkg/formatter/formatter.go:60.2,61.16 2 1
github.com/DataDog/pup/pkg/formatter/formatter.go:61.16,63.3 1 1
github.com/DataDog/pup/pkg/formatter/formatter.go:66.2,67.63 2 1
github.com/DataDog/pup/pkg/formatter/formatter.go:67.63,69.3 1 0
github.com/DataDog/pup/pkg/formatter/formatter.go:71.2,75.32 3 1
github.com/DataDog/pup/pkg/formatter/formatter.go:76.21,77.18 1 1
github.com/DataDog/pup/pkg/formatter/formatter.go:77.18,80.4 1 1
github.com/DataDog/pup/pkg/formatter/formatter.go:82.3,82.54 1 1
github.com/DataDog/pup/pkg/formatter/formatter.go:82.54,84.4 1 0
github.com/DataDog/pup/pkg/formatter/formatter.go:85.30,88.47 1 1
github.com/DataDog/pup/pkg/formatter/formatter.go:88.47,90.64 1 1
github.com/DataDog/pup/pkg/formatter/formatter.go:90.64,91.28 1 1
github.com/DataDog/pup/pkg/formatter/formatter.go:91.28,93.6 1 1
github.com/DataDog/pup/pkg/formatter/formatter.go:95.5,95.64 1 1
github.com/DataDog/pup/pkg/formatter/formatter.go:95.64,97.6 1 0
github.com/DataDog/pup/pkg/formatter/formatter.go:98.10,100.68 1 1
github.com/DataDog/pup/pkg/formatter/formatter.go:100.68,102.85 1 1
github.com/DataDog/pup/pkg/formatter/formatter.go:102.85,104.70 1 1
github.com/DataDog/pup/pkg/formatter/formatter.go:104.70,105.75 1 1
github.com/DataDog/pup/pkg/formatter/formatter.go:105.75,107.9 1 0
github.com/DataDog/pup/pkg/formatter/formatter.go:108.13,111.65 2 1
github.com/DataDog/pup/pkg/formatter/formatter.go:111.65,113.9 1 0
github.com/DataDog/pup/pkg/formatter/formatter.go:115.12,117.62 1 1
github.com/DataDog/pup/pkg/formatter/formatter.go:117.62,119.8 1 0
github.com/DataDog/pup/pkg/formatter/formatter.go:121.11,123.55 1 1
github.com/DataDog/pup/pkg/formatter/formatter.go:123.55,125.7 1 0
github.com/DataDog/pup/pkg/formatter/formatter.go:128.9,130.53 1 1
github.com/DataDog/pup/pkg/formatter/formatter.go:130.53,132.5 1 0
github.com/DataDog/pup/pkg/formatter/formatter.go:134.10,136.133 1 0
github.com/DataDog/pup/pkg/formatter/formatter.go:139.2,139.39 1 1
github.com/DataDog/pup/pkg/formatter/formatter.go:139.39,141.3 1 0
github.com/DataDog/pup/pkg/formatter/formatter.go:142.2,142.26 1 1
github.com/DataDog/pup/pkg/formatter/formatter.go:146.78,150.28 2 1
github.com/DataDog/pup/pkg/formatter/formatter.go:150.28,151.52 1 1
github.com/DataDog/pup/pkg/formatter/formatter.go:151.52,153.4 1 1
github.com/DataDog/pup/pkg/formatter/formatter.go:157.2,157.77 1 1
github.com/DataDog/pup/pkg/formatter/formatter.go:157.77,158.31 1 1
github.com/DataDog/pup/pkg/formatter/formatter.go:158.31,160.4 1 1
github.com/DataDog/pup/pkg/formatter/formatter.go:164.2,164.77 1 1
github.com/DataDog/pup/pkg/formatter/formatter.go:164.77,165.37 1 1
github.com/DataDog/pup/pkg/formatter/formatter.go:165.37,166.57 1 1
github.com/DataDog/pup/pkg/formatter/formatter.go:166.57,168.52 1 1
github.com/DataDog/pup/pkg/formatter/formatter.go:168.52,170.64 1 1
github.com/DataDog/pup/pkg/formatter/formatter.go:170.64,171.47 1 1
github.com/DataDog/pup/pkg/formatter/formatter.go:171.47,173.8 1 1
github.com/DataDog/pup/pkg/formatter/formatter.go:174.7,174.58 1 1
github.com/DataDog/pup/pkg/formatter/formatter.go:174.58,176.8 1 1
github.com/DataDog/pup/pkg/formatter/formatter.go:179.6,179.82 1 1
github.com/DataDog/pup/pkg/formatter/formatter.go:179.82,181.40 2 1
github.com/DataDog/pup/pkg/formatter/formatter.go:181.40,182.58 1 1
github.com/DataDog/pup/pkg/formatter/formatter.go:182.58,183.48 1 1
github.com/DataDog/pup/pkg/formatter/formatter.go:183.48,185.10 1 1
github.com/DataDog/pup/pkg/formatter/formatter.go:188.7,188.23 1 1
github.com/DataDog/pup/pkg/formatter/formatter.go:188.23,190.8 1 1
github.com/DataDog/pup/pkg/formatter/formatter.go:197.2,197.18 1 1
github.com/DataDog/pup/pkg/formatter/formatter.go:201.113,204.69 2 1
github.com/DataDog/pup/pkg/formatter/formatter.go:204.69,206.37 1 1
github.com/DataDog/pup/pkg/formatter/formatter.go:206.37,207.55 1 1
github.com/DataDog/pup/pkg/formatter/formatter.go:207.55,209.5 1 1
github.com/DataDog/pup/pkg/formatter/formatter.go:214.2,214.27 1 1
github.com/DataDog/pup/pkg/formatter/formatter.go:214.27,216.27 2 1
github.com/DataDog/pup/pkg/formatter/formatter.go:216.27,217.60 1 1
github.com/DataDog/pup/pkg/formatter/formatter.go:217.60,219.5 1 0
github.com/DataDog/pup/pkg/formatter/formatter.go:221.3,221.13 1 1
github.com/DataDog/pup/pkg/formatter/formatter.go:225.2,226.29 2 1
github.com/DataDog/pup/pkg/formatter/formatter.go:226.29,228.3 1 1
github.com/DataDog/pup/pkg/formatter/formatter.go:229.2,232.34 2 1
github.com/DataDog/pup/pkg/formatter/formatter.go:232.34,236.42 2 1
github.com/DataDog/pup/pkg/formatter/formatter.go:236.42,237.27 1 1
github.com/DataDog/pup/pkg/formatter/formatter.go:237.27,239.5 1 1
github.com/DataDog/pup/pkg/formatter/formatter.go:239.10,241.5 1 0
github.com/DataDog/pup/pkg/formatter/formatter.go:244.3,244.46 1 1
github.com/DataDog/pup/pkg/formatter/formatter.go:244.46,246.4 1 0
github.com/DataDog/pup/pkg/formatter/formatter.go:249.2,249.12 1 1
github.com/DataDog/pup/pkg/formatter/formatter.go:253.77,254.20 1 1
github.com/DataDog/pup/pkg/formatter/formatter.go:254.20,256.3 1 0
github.com/DataDog/pup/pkg/formatter/formatter.go:259.2,259.52 1 1
github.com/DataDog/pup/pkg/formatter/formatter.go:259.52,261.29 1 1
github.com/DataDog/pup/pkg/formatter/formatter.go:261.29,262.64 1 1
github.com/DataDog/pup/pkg/formatter/formatter.go:262.64,264.5 1 0
github.com/DataDog/pup/pkg/formatter/formatter.go:266.3,266.13 1 1
github.com/DataDog/pup/pkg/formatter/formatter.go:270.2,271.28 2 1
github.com/DataDog/pup/pkg/formatter/formatter.go:271.28,272.55 1 1
github.com/DataDog/pup/pkg/formatter/formatter.go:272.55,274.4 1 1
github.com/DataDog/pup/pkg/formatter/formatter.go:274.9,276.4 1 0
github.com/DataDog/pup/pkg/formatter/formatter.go:280.2,282.40 3 1
github.com/DataDog/pup/pkg/formatter/formatter.go:282.40,283.28 1 1
github.com/DataDog/pup/pkg/formatter/formatter.go:283.28,284.23 1 1
github.com/DataDog/pup/pkg/formatter/formatter.go:284.23,287.5 2 1
github.com/DataDog/pup/pkg/formatter/formatter.go:292.2,297.39 3 1
github.com/DataDog/pup/pkg/formatter/formatter.go:297.39,298.23 1 1
github.com/DataDog/pup/pkg/formatter/formatter.go:298.23,300.4 1 1
github.com/DataDog/pup/pkg/formatter/formatter.go:303.2,303.32 1 1
github.com/DataDog/pup/pkg/formatter/formatter.go:303.32,304.30 1 1
github.com/DataDog/pup/pkg/formatter/formatter.go:304.30,305.9 1 0
github.com/DataDog/pup/pkg/formatter/formatter.go:307.3,308.34 2 1
github.com/DataDog/pup/pkg/formatter/formatter.go:308.34,309.18 1 1
github.com/DataDog/pup/pkg/formatter/formatter.go:309.18,311.10 2 1
github.com/DataDog/pup/pkg/formatter/formatter.go:314.3,314.13 1 1
github.com/DataDog/pup/pkg/formatter/formatter.go:314.13,316.4 1 1
github.com/DataDog/pup/pkg/formatter/formatter.go:320.2,321.33 2 1
github.com/DataDog/pup/pkg/formatter/formatter.go:321.33,323.3 1 1
github.com/DataDog/pup/pkg/formatter/formatter.go:324.2,327.40 2 1
github.com/DataDog/pup/pkg/formatter/formatter.go:327.40,329.39 2 1
github.com/DataDog/pup/pkg/formatter/formatter.go:329.39,332.4 2 1
github.com/DataDog/pup/pkg/formatter/formatter.go:333.3,333.46 1 1
github.com/DataDog/pup/pkg/formatter/formatter.go:333.46,335.4 1 0
github.com/DataDog/pup/pkg/formatter/formatter.go:338.2,338.12 1 1
github.com/DataDog/pup/pkg/formatter/formatter.go:342.84,345.31 2 1
github.com/DataDog/pup/pkg/formatter/formatter.go:345.31,346.68 1 1
github.com/DataDog/pup/pkg/formatter/formatter.go:346.68,348.4 1 0
github.com/DataDog/pup/pkg/formatter/formatter.go:350.2,350.12 1 1
github.com/DataDog/pup/pkg/formatter/formatter.go:354.47,355.16 1 1
github.com/DataDog/pup/pkg/formatter/formatter.go:355.16,357.3 1 1
github.com/DataDog/pup/pkg/formatter/formatter.go:359.2,359.25 1 1
github.com/DataDog/pup/pkg/formatter/formatter.go:360.14,362.18 1 1
github.com/DataDog/pup/pkg/formatter/formatter.go:362.18,364.4 1 1
github.com/DataDog/pup/pkg/formatter/formatter.go:365.3,365.11 1 1
github.com/DataDog/pup/pkg/formatter/formatter.go:366.21,368.18 1 1
github.com/DataDog/pup/pkg/formatter/formatter.go:368.18,370.4 1 1
github.com/DataDog/pup/pkg/formatter/formatter.go:371.3,371.18 1 1
github.com/DataDog/pup/pkg/formatter/formatter.go:371.18,373.27 2 1
github.com/DataDog/pup/pkg/formatter/formatter.go:373.27,375.5 1 1
github.com/DataDog/pup/pkg/formatter/formatter.go:376.4,376.48 1 1
github.com/DataDog/pup/pkg/formatter/formatter.go:378.3,378.43 1 1
github.com/DataDog/pup/pkg/formatter/formatter.go:379.30,381.44 1 1
github.com/DataDog/pup/pkg/formatter/formatter.go:382.15,384.29 1 1
github.com/DataDog/pup/pkg/formatter/formatter.go:384.29,386.4 1 1
github.com/DataDog/pup/pkg/formatter/formatter.go:387.3,387.32 1 1
github.com/DataDog/pup/pkg/formatter/formatter.go:388.10,389.30 1 1
github.com/DataDog/pup/pkg/formatter/formatter.go:394.47,396.16 2 1
github.com/DataDog/pup/pkg/formatter/formatter.go:396.16,398.3 1 0
github.com/DataDog/pup/pkg/formatter/formatter.go:399.2,399.27 1 1
github.com/DataDog/pup/pkg/formatter/formatter.go:403.36,405.2 1 1
github.com/DataDog/pup/pkg/formatter/formatter.go:408.70,413.17 2 1
github.com/DataDog/pup/pkg/formatter/formatter.go:413.17,415.3 1 1
github.com/DataDog/pup/pkg/formatter/formatter.go:416.2,416.23 1 1
github.com/DataDog/pup/pkg/auth/dcr/client.go:28.37,32.2 1 1
github.com/DataDog/pup/pkg/auth/dcr/client.go:36.76,41.2 1 1
github.com/DataDog/pup/pkg/auth/dcr/client.go:46.98,57.16 3 1
github.com/DataDog/pup/pkg/auth/dcr/client.go:57.16,59.3 1 0
github.com/DataDog/pup/pkg/auth/dcr/client.go:62.2,64.16 3 1
github.com/DataDog/pup/pkg/auth/dcr/client.go:64.16,66.3 1 0
github.com/DataDog/pup/pkg/auth/dcr/client.go:68.2,73.16 4 1
github.com/DataDog/pup/pkg/auth/dcr/client.go:73.16,75.3 1 0
github.com/DataDog/pup/pkg/auth/dcr/client.go:76.2,76.15 1 1
github.com/DataDog/pup/pkg/auth/dcr/client.go:76.15,77.43 1 1
github.com/DataDog/pup/pkg/auth/dcr/client.go:77.44,79.4 0 0
github.com/DataDog/pup/pkg/auth/dcr/client.go:83.2,84.16 2 1
github.com/DataDog/pup/pkg/auth/dcr/client.go:84.16,86.3 1 0
github.com/DataDog/pup/pkg/auth/dcr/client.go:89.2,89.43 1 1
github.com/DataDog/pup/pkg/auth/dcr/client.go:89.43,91.61 2 1
github.com/DataDog/pup/pkg/auth/dcr/client.go:91.61,93.4 1 1
github.com/DataDog/pup/pkg/auth/dcr/client.go:94.3,94.93 1 1
github.com/DataDog/pup/pkg/auth/dcr/client.go:98.2,99.59 2 1
github.com/DataDog/pup/pkg/auth/dcr/client.go:99.59,101.3 1 0
github.com/DataDog/pup/pkg/auth/dcr/client.go:104.2,110.8 1 1
github.com/DataDog/pup/pkg/auth/dcr/client.go:115.128,125.2 7 1
github.com/DataDog/pup/pkg/auth/dcr/client.go:129.109,137.2 5 1
github.com/DataDog/pup/pkg/auth/dcr/client.go:141.74,145.16 3 1
github.com/DataDog/pup/pkg/auth/dcr/client.go:145.16,147.3 1 0
github.com/DataDog/pup/pkg/auth/dcr/client.go:149.2,154.16 4 1
github.com/DataDog/pup/pkg/auth/dcr/client.go:154.16,156.3 1 1
github.com/DataDog/pup/pkg/auth/dcr/client.go:157.2,157.15 1 1
github.com/DataDog/pup/pkg/auth/dcr/client.go:157.15,158.43 1 1
github.com/DataDog/pup/pkg/auth/dcr/client.go:158.44,160.4 0 0
github.com/DataDog/pup/pkg/auth/dcr/client.go:164.2,165.16 2 1
github.com/DataDog/pup/pkg/auth/dcr/client.go:165.16,167.3 1 0
github.com/DataDog/pup/pkg/auth/dcr/client.go:170.2,170.38 1 1
github.com/DataDog/pup/pkg/auth/dcr/client.go:170.38,172.61 2 1
github.com/DataDog/pup/pkg/auth/dcr/client.go:172.61,174.4 1 1
github.com/DataDog/pup/pkg/auth/dcr/client.go:175.3,175.103 1 0
github.com/DataDog/pup/pkg/auth/dcr/client.go:179.2,180.61 2 1
github.com/DataDog/pup/pkg/auth/dcr/client.go:180.61,182.3 1 1
github.com/DataDog/pup/pkg/auth/dcr/client.go:185.2,196.8 2 1
github.com/DataDog/pup/pkg/auth/dcr/types.go:24.33,26.40 2 1
github.com/DataDog/pup/pkg/auth/dcr/types.go:26.40,28.3 1 1
github.com/DataDog/pup/pkg/auth/dcr/types.go:29.2,29.13 1 1
github.com/DataDog/pup/pkg/client/client.go:32.47,37.16 3 1
github.com/DataDog/pup/pkg/client/client.go:37.16,39.57 2 1
github.com/DataDog/pup/pkg/client/client.go:39.57,46.4 1 1
github.com/DataDog/pup/pkg/client/client.go:50.2,50.16 1 1
github.com/DataDog/pup/pkg/client/client.go:50.16,51.43 1 1
github.com/DataDog/pup/pkg/client/client.go:51.43,55.4 1 1
github.com/DataDog/pup/pkg/client/client.go:57.3,68.4 1 1
github.com/DataDog/pup/pkg/client/client.go:72.2,87.33 5 1
github.com/DataDog/pup/pkg/client/client.go:87.33,89.3 1 1
github.com/DataDog/pup/pkg/client/client.go:91.2,97.8 2 1
github.com/DataDog/pup/pkg/client/client.go:101.44,103.2 1 1
github.com/DataDog/pup/pkg/client/client.go:106.42,108.2 1 1
github.com/DataDog/pup/pkg/client/client.go:111.42,113.2 1 1
github.com/DataDog/pup/pkg/client/client.go:116.43,118.2 1 1
github.com/DataDog/pup/pkg/client/client.go:121.42,123.2 1 1
github.com/DataDog/pup/pkg/client/client.go:127.90,131.16 3 1
github.com/DataDog/pup/pkg/client/client.go:131.16,133.3 1 0
github.com/DataDog/pup/pkg/client/client.go:135.2,140.86 4 1
github.com/DataDog/pup/pkg/client/client.go:140.86,142.3 1 0
github.com/DataDog/pup/pkg/client/client.go:142.8,142.95 1 1
github.com/DataDog/pup/pkg/client/client.go:142.95,143.51 1 1
github.com/DataDog/pup/pkg/client/client.go:143.51,145.4 1 1
github.com/DataDog/pup/pkg/client/client.go:146.3,146.51 1 1
github.com/DataDog/pup/pkg/client/client.go:146.51,148.4 1 1
github.com/DataDog/pup/pkg/client/client.go:151.2,153.16 3 1
github.com/DataDog/pup/pkg/client/client.go:153.16,155.3 1 1
github.com/DataDog/pup/pkg/client/client.go:157.2,157.18 1 0
